2024-05-13T13:03:51.171Z [error] 'freeopcua' connect failure! Error: The connection cannot be established with server opc.tcp://ua_server:4840/freeopcua/server/ .
Please check that the server is up and running or your network configuration.
Err = (connect ECONNREFUSED 172.19.0.2:4840)
2024-05-13T13:03:51.171Z [error] 'freeopcua' try to connect error! Error: The connection cannot be established with server opc.tcp://ua_server:4840/freeopcua/server/ .
Please check that the server is up and running or your network configuration.
Err = (connect ECONNREFUSED 172.19.0.2:4840)
2024-05-13T13:03:56.103Z [error] 'freeopcua' retry to connect! 0
2024-05-13T13:03:56.103Z [error] 'freeopcua' retry to connect! 0
2024-05-13T13:03:56.103Z [error] 'freeopcua' retry to connect! 0
2024-05-13T13:03:56.103Z [error] 'freeopcua' retry to connect! 0
2024-05-13T13:03:56.103Z [error] 'freeopcua' retry to connect! 0
2024-05-13T13:03:56.103Z [error] 'freeopcua' retry to connect! 0
2024-05-13T13:03:56.103Z [error] 'freeopcua' retry to connect! 0
2024-05-13T13:03:56.104Z [error] 'freeopcua' retry to connect! 0
2024-05-13T13:03:56.104Z [error] 'freeopcua' retry to connect! 0
2024-05-13T13:03:56.104Z [error] 'freeopcua' retry to connect! 0
2024-05-13T13:03:56.104Z [error] 'freeopcua' retry to connect! 0
2024-05-13T13:03:56.104Z [error] 'freeopcua' retry to connect! 0
2024-05-13T13:03:56.104Z [error] 'freeopcua' retry to connect! 0
2024-05-13T13:03:56.104Z [error] 'freeopcua' retry to connect! 0
2024-05-13T13:03:56.104Z [error] 'freeopcua' retry to connect! 0
2024-05-13T13:03:56.104Z [error] 'freeopcua' retry to connect! 0
2024-05-13T13:03:56.104Z [error] 'freeopcua' retry to connect! 0
2024-05-13T13:03:56.104Z [error] 'freeopcua' retry to connect! 0
2024-05-13T13:03:56.104Z [error] 'freeopcua' retry to connect! 0
2024-05-13T13:03:56.104Z [error] 'freeopcua' retry to connect! 0
2024-05-13T13:03:56.104Z [error] 'freeopcua' retry to connect! 0
2024-05-13T13:03:56.104Z [error] 'freeopcua' retry to connect! 0
2024-05-13T13:03:56.104Z [error] 'freeopcua' retry to connect! 0
2024-05-13T13:03:56.104Z [error] 'freeopcua' retry to connect! 0
2024-05-13T13:03:56.104Z [error] 'freeopcua' retry to connect! 0
2024-05-13T13:03:56.104Z [error] 'freeopcua' retry to connect! 0
2024-05-13T13:03:56.104Z [error] 'freeopcua' retry to connect! 0
2024-05-13T13:03:56.104Z [error] 'freeopcua' retry to connect! 0
2024-05-13T13:03:56.104Z [error] 'freeopcua' retry to connect! 0
2024-05-13T13:03:56.104Z [error] 'freeopcua' retry to connect! 0
2024-05-13T13:03:56.104Z [error] 'freeopcua' retry to connect! 0
2024-05-13T13:03:56.104Z [error] 'freeopcua' retry to connect! 0
2024-05-13T13:03:56.104Z [error] 'freeopcua' retry to connect! 0
2024-05-13T13:03:56.104Z [error] 'freeopcua' retry to connect! 0
2024-05-13T13:03:56.104Z [error] 'freeopcua' retry to connect! 0
2024-05-13T13:03:56.104Z [error] 'freeopcua' retry to connect! 0
2024-05-13T13:03:56.104Z [error] 'freeopcua' retry to connect! 0
2024-05-13T13:03:56.104Z [error] 'freeopcua' retry to connect! 0
2024-05-13T13:03:56.105Z [error] 'freeopcua' retry to connect! 0
2024-05-13T13:03:56.105Z [error] 'freeopcua' retry to connect! 0
2024-05-13T13:03:56.105Z [error] 'freeopcua' retry to connect! 0
2024-05-13T13:03:56.105Z [error] 'freeopcua' retry to connect! 0
2024-05-13T13:03:56.105Z [error] 'freeopcua' retry to connect! 0
2024-05-13T13:03:56.105Z [error] 'freeopcua' retry to connect! 0
2024-05-13T13:03:56.105Z [error] 'freeopcua' retry to connect! 0
2024-05-13T13:03:56.105Z [error] 'freeopcua' retry to connect! 0
2024-05-13T13:03:56.105Z [error] 'freeopcua' retry to connect! 0
2024-05-13T13:03:56.105Z [error] 'freeopcua' retry to connect! 0
2024-05-13T13:03:56.105Z [error] 'freeopcua' retry to connect! 0
2024-05-13T13:03:56.105Z [error] 'freeopcua' retry to connect! 0
2024-05-13T13:03:56.105Z [error] 'freeopcua' retry to connect! 0
2024-05-13T13:03:56.105Z [error] 'freeopcua' retry to connect! 0
2024-05-13T13:03:56.105Z [error] 'freeopcua' retry to connect! 0
2024-05-13T13:03:56.105Z [error] 'freeopcua' retry to connect! 0
2024-05-13T13:03:56.105Z [error] 'freeopcua' retry to connect! 0
2024-05-13T13:03:56.105Z [error] 'freeopcua' retry to connect! 0
2024-05-13T13:03:56.105Z [error] 'freeopcua' retry to connect! 0
2024-05-13T13:03:56.105Z [error] 'freeopcua' retry to connect! 0
2024-05-13T13:03:56.105Z [error] 'freeopcua' retry to connect! 0
2024-05-13T13:03:56.105Z [error] 'freeopcua' retry to connect! 0
2024-05-13T13:03:56.105Z [error] 'freeopcua' retry to connect! 0
2024-05-13T13:03:56.105Z [error] 'freeopcua' retry to connect! 0
2024-05-13T13:03:56.105Z [error] 'freeopcua' retry to connect! 0
2024-05-13T13:03:56.105Z [error] 'freeopcua' retry to connect! 0
2024-05-13T13:03:56.106Z [error] 'freeopcua' retry to connect! 0
2024-05-13T13:03:56.106Z [error] 'freeopcua' retry to connect! 0
2024-05-13T13:03:56.106Z [error] 'freeopcua' retry to connect! 0
2024-05-13T13:03:56.106Z [error] 'freeopcua' retry to connect! 0
2024-05-13T13:03:56.106Z [error] 'freeopcua' retry to connect! 0
2024-05-13T13:03:56.106Z [error] 'freeopcua' retry to connect! 0
2024-05-13T13:03:56.106Z [error] 'freeopcua' retry to connect! 0
2024-05-13T13:03:56.106Z [error] 'freeopcua' retry to connect! 0
2024-05-13T13:03:56.106Z [error] 'freeopcua' retry to connect! 0
2024-05-13T13:03:56.106Z [error] 'freeopcua' retry to connect! 0
2024-05-13T13:03:56.106Z [error] 'freeopcua' retry to connect! 0
2024-05-13T13:03:56.106Z [error] 'freeopcua' retry to connect! 0
2024-05-13T13:03:56.106Z [error] 'freeopcua' retry to connect! 0
2024-05-13T13:03:56.106Z [error] 'freeopcua' retry to connect! 0
2024-05-13T13:03:56.106Z [error] 'freeopcua' retry to connect! 0
2024-05-13T13:03:56.106Z [error] 'freeopcua' retry to connect! 0
2024-05-13T13:03:56.106Z [error] 'freeopcua' retry to connect! 0
2024-05-13T13:03:56.106Z [error] 'freeopcua' retry to connect! 0
2024-05-13T13:03:56.106Z [error] 'freeopcua' retry to connect! 0
2024-05-13T13:03:56.106Z [error] 'freeopcua' retry to connect! 0
2024-05-13T13:03:56.106Z [error] 'freeopcua' retry to connect! 0
2024-05-13T13:03:56.106Z [error] 'freeopcua' retry to connect! 0
2024-05-13T13:03:56.107Z [error] 'freeopcua' retry to connect! 0
2024-05-13T13:03:56.107Z [error] 'freeopcua' retry to connect! 0
2024-05-13T13:03:56.107Z [error] 'freeopcua' retry to connect! 0
2024-05-13T13:03:56.107Z [error] 'freeopcua' retry to connect! 0
2024-05-13T13:03:56.107Z [error] 'freeopcua' retry to connect! 0
2024-05-13T13:03:56.107Z [error] 'freeopcua' retry to connect! 0
2024-05-13T13:03:56.107Z [error] 'freeopcua' retry to connect! 0
2024-05-13T13:03:56.107Z [error] 'freeopcua' retry to connect! 0
2024-05-13T13:03:56.107Z [error] 'freeopcua' retry to connect! 0
2024-05-13T13:03:56.107Z [error] 'freeopcua' retry to connect! 0
2024-05-13T13:03:56.107Z [error] 'freeopcua' retry to connect! 0
2024-05-13T13:03:56.107Z [error] 'freeopcua' retry to connect! 0
2024-05-13T13:03:56.107Z [error] 'freeopcua' retry to connect! 0
2024-05-13T13:03:56.107Z [error] 'freeopcua' retry to connect! 0
2024-05-13T13:03:56.107Z [error] 'freeopcua' retry to connect! 0
2024-05-13T13:03:56.107Z [error] 'freeopcua' retry to connect! 0
2024-05-13T13:03:56.107Z [error] 'freeopcua' retry to connect! 0
2024-05-13T13:03:56.107Z [error] 'freeopcua' retry to connect! 0
2024-05-13T13:03:56.107Z [error] 'freeopcua' retry to connect! 0
2024-05-13T13:03:56.107Z [error] 'freeopcua' retry to connect! 0
2024-05-13T13:03:56.107Z [error] 'freeopcua' retry to connect! 0
2024-05-13T13:03:56.107Z [error] 'freeopcua' retry to connect! 0
2024-05-13T13:03:56.107Z [error] 'freeopcua' retry to connect! 0
2024-05-13T13:03:56.115Z [error] 'freeopcua' connect failure! Error: The connection cannot be established with server opc.tcp://ua_server:4840/freeopcua/server/ .
Please check that the server is up and running or your network configuration.
Err = (connect ECONNREFUSED 172.19.0.2:4840)
2024-05-13T13:03:56.115Z [error] 'freeopcua' try to connect error! Error: The connection cannot be established with server opc.tcp://ua_server:4840/freeopcua/server/ .
Please check that the server is up and running or your network configuration.
Err = (connect ECONNREFUSED 172.19.0.2:4840)
2024-05-13T13:04:01.106Z [error] 'freeopcua' retry to connect! 0
2024-05-13T13:04:01.106Z [error] 'freeopcua' retry to connect! 0
2024-05-13T13:04:01.107Z [error] 'freeopcua' retry to connect! 0
2024-05-13T13:04:01.107Z [error] 'freeopcua' retry to connect! 0
2024-05-13T13:04:01.107Z [error] 'freeopcua' retry to connect! 0
2024-05-13T13:04:01.107Z [error] 'freeopcua' retry to connect! 0
2024-05-13T13:04:01.107Z [error] 'freeopcua' retry to connect! 0
2024-05-13T13:04:01.107Z [error] 'freeopcua' retry to connect! 0
2024-05-13T13:04:01.107Z [error] 'freeopcua' retry to connect! 0
2024-05-13T13:04:01.107Z [error] 'freeopcua' retry to connect! 0
2024-05-13T13:04:01.107Z [error] 'freeopcua' retry to connect! 0
2024-05-13T13:04:01.107Z [error] 'freeopcua' retry to connect! 0
2024-05-13T13:04:01.107Z [error] 'freeopcua' retry to connect! 0
2024-05-13T13:04:01.107Z [error] 'freeopcua' retry to connect! 0
2024-05-13T13:04:01.107Z [error] 'freeopcua' retry to connect! 0
2024-05-13T13:04:01.107Z [error] 'freeopcua' retry to connect! 0
2024-05-13T13:04:01.107Z [error] 'freeopcua' retry to connect! 0
2024-05-13T13:04:01.107Z [error] 'freeopcua' retry to connect! 0
2024-05-13T13:04:01.108Z [error] 'freeopcua' retry to connect! 0
2024-05-13T13:04:01.108Z [error] 'freeopcua' retry to connect! 0
2024-05-13T13:04:01.108Z [error] 'freeopcua' retry to connect! 0
2024-05-13T13:04:01.108Z [error] 'freeopcua' retry to connect! 0
2024-05-13T13:04:01.108Z [error] 'freeopcua' retry to connect! 0
2024-05-13T13:04:01.108Z [error] 'freeopcua' retry to connect! 0
2024-05-13T13:04:01.108Z [error] 'freeopcua' retry to connect! 0
2024-05-13T13:04:01.108Z [error] 'freeopcua' retry to connect! 0
2024-05-13T13:04:01.108Z [error] 'freeopcua' retry to connect! 0
2024-05-13T13:04:01.108Z [error] 'freeopcua' retry to connect! 0
2024-05-13T13:04:01.108Z [error] 'freeopcua' retry to connect! 0
2024-05-13T13:04:01.108Z [error] 'freeopcua' retry to connect! 0
2024-05-13T13:04:01.108Z [error] 'freeopcua' retry to connect! 0
2024-05-13T13:04:01.108Z [error] 'freeopcua' retry to connect! 0
2024-05-13T13:04:01.108Z [error] 'freeopcua' retry to connect! 0
2024-05-13T13:04:01.108Z [error] 'freeopcua' retry to connect! 0
2024-05-13T13:04:01.108Z [error] 'freeopcua' retry to connect! 0
2024-05-13T13:04:01.108Z [error] 'freeopcua' retry to connect! 0
2024-05-13T13:04:01.109Z [error] 'freeopcua' retry to connect! 0
2024-05-13T13:04:01.109Z [error] 'freeopcua' retry to connect! 0
2024-05-13T13:04:01.109Z [error] 'freeopcua' retry to connect! 0
2024-05-13T13:04:01.109Z [error] 'freeopcua' retry to connect! 0
2024-05-13T13:04:01.109Z [error] 'freeopcua' retry to connect! 0
2024-05-13T13:04:01.109Z [error] 'freeopcua' retry to connect! 0
2024-05-13T13:04:01.109Z [error] 'freeopcua' retry to connect! 0
2024-05-13T13:04:01.109Z [error] 'freeopcua' retry to connect! 0
2024-05-13T13:04:01.109Z [error] 'freeopcua' retry to connect! 0
2024-05-13T13:04:01.109Z [error] 'freeopcua' retry to connect! 0
2024-05-13T13:04:01.109Z [error] 'freeopcua' retry to connect! 0
2024-05-13T13:04:01.109Z [error] 'freeopcua' retry to connect! 0
2024-05-13T13:04:01.109Z [error] 'freeopcua' retry to connect! 0
2024-05-13T13:04:01.109Z [error] 'freeopcua' retry to connect! 0
2024-05-13T13:04:01.109Z [error] 'freeopcua' retry to connect! 0
2024-05-13T13:04:01.109Z [error] 'freeopcua' retry to connect! 0
2024-05-13T13:04:01.111Z [error] 'freeopcua' retry to connect! 0
2024-05-13T13:04:01.112Z [error] 'freeopcua' retry to connect! 0
2024-05-13T13:04:01.112Z [error] 'freeopcua' retry to connect! 0
2024-05-13T13:04:01.112Z [error] 'freeopcua' retry to connect! 0
2024-05-13T13:04:01.112Z [error] 'freeopcua' retry to connect! 0
2024-05-13T13:04:01.112Z [error] 'freeopcua' retry to connect! 0
2024-05-13T13:04:01.112Z [error] 'freeopcua' retry to connect! 0
2024-05-13T13:04:01.112Z [error] 'freeopcua' retry to connect! 0
2024-05-13T13:04:01.112Z [error] 'freeopcua' retry to connect! 0
2024-05-13T13:04:01.112Z [error] 'freeopcua' retry to connect! 0
2024-05-13T13:04:01.112Z [error] 'freeopcua' retry to connect! 0
2024-05-13T13:04:01.112Z [error] 'freeopcua' retry to connect! 0
2024-05-13T13:04:01.112Z [error] 'freeopcua' retry to connect! 0
2024-05-13T13:04:01.113Z [error] 'freeopcua' retry to connect! 0
2024-05-13T13:04:01.113Z [error] 'freeopcua' retry to connect! 0
2024-05-13T13:04:01.113Z [error] 'freeopcua' retry to connect! 0
2024-05-13T13:04:01.113Z [error] 'freeopcua' retry to connect! 0
2024-05-13T13:04:01.113Z [error] 'freeopcua' retry to connect! 0
2024-05-13T13:04:01.113Z [error] 'freeopcua' retry to connect! 0
2024-05-13T13:04:01.113Z [error] 'freeopcua' retry to connect! 0
2024-05-13T13:04:01.113Z [error] 'freeopcua' retry to connect! 0
2024-05-13T13:04:01.113Z [error] 'freeopcua' retry to connect! 0
2024-05-13T13:04:01.113Z [error] 'freeopcua' retry to connect! 0
2024-05-13T13:04:01.113Z [error] 'freeopcua' retry to connect! 0
2024-05-13T13:04:01.113Z [error] 'freeopcua' retry to connect! 0
2024-05-13T13:04:01.113Z [error] 'freeopcua' retry to connect! 0
2024-05-13T13:04:01.113Z [error] 'freeopcua' retry to connect! 0
2024-05-13T13:04:01.113Z [error] 'freeopcua' retry to connect! 0
2024-05-13T13:04:01.113Z [error] 'freeopcua' retry to connect! 0
2024-05-13T13:04:01.113Z [error] 'freeopcua' retry to connect! 0
2024-05-13T13:04:01.113Z [error] 'freeopcua' retry to connect! 0
2024-05-13T13:04:01.114Z [error] 'freeopcua' retry to connect! 0
2024-05-13T13:04:01.114Z [error] 'freeopcua' retry to connect! 0
2024-05-13T13:04:01.114Z [error] 'freeopcua' retry to connect! 0
2024-05-13T13:04:01.114Z [error] 'freeopcua' retry to connect! 0
2024-05-13T13:04:01.114Z [error] 'freeopcua' retry to connect! 0
2024-05-13T13:04:01.114Z [error] 'freeopcua' retry to connect! 0
2024-05-13T13:04:01.114Z [error] 'freeopcua' retry to connect! 0
2024-05-13T13:04:01.114Z [error] 'freeopcua' retry to connect! 0
2024-05-13T13:04:01.114Z [error] 'freeopcua' retry to connect! 0
2024-05-13T13:04:01.114Z [error] 'freeopcua' retry to connect! 0
2024-05-13T13:04:01.114Z [error] 'freeopcua' retry to connect! 0
2024-05-13T13:04:01.114Z [error] 'freeopcua' retry to connect! 0
2024-05-13T13:04:01.114Z [error] 'freeopcua' retry to connect! 0
2024-05-13T13:04:01.114Z [error] 'freeopcua' retry to connect! 0
2024-05-13T13:04:01.114Z [error] 'freeopcua' retry to connect! 0
2024-05-13T13:04:01.114Z [error] 'freeopcua' retry to connect! 0
2024-05-13T13:04:01.114Z [error] 'freeopcua' retry to connect! 0
2024-05-13T13:04:01.114Z [error] 'freeopcua' retry to connect! 0
2024-05-13T13:04:01.114Z [error] 'freeopcua' retry to connect! 0
2024-05-13T13:04:01.114Z [error] 'freeopcua' retry to connect! 0
2024-05-13T13:04:01.114Z [error] 'freeopcua' retry to connect! 0
2024-05-13T13:04:01.114Z [error] 'freeopcua' retry to connect! 0
2024-05-13T13:04:01.114Z [error] 'freeopcua' retry to connect! 0
2024-05-13T13:04:01.114Z [error] 'freeopcua' retry to connect! 0
2024-05-13T13:04:01.114Z [error] 'freeopcua' retry to connect! 0
2024-05-13T13:04:01.114Z [error] 'freeopcua' retry to connect! 0
2024-05-13T13:04:01.114Z [error] 'freeopcua' retry to connect! 0
2024-05-13T13:04:01.117Z [error] 'freeopcua' connect failure! Error: The connection cannot be established with server opc.tcp://ua_server:4840/freeopcua/server/ .
Please check that the server is up and running or your network configuration.
Err = (connect ECONNREFUSED 172.19.0.2:4840)
2024-05-13T13:04:01.118Z [error] 'freeopcua' try to connect error! Error: The connection cannot be established with server opc.tcp://ua_server:4840/freeopcua/server/ .
Please check that the server is up and running or your network configuration.
Err = (connect ECONNREFUSED 172.19.0.2:4840)
2024-05-13T13:04:06.114Z [error] 'freeopcua' retry to connect! 0
2024-05-13T13:04:06.114Z [error] 'freeopcua' retry to connect! 0
2024-05-13T13:04:06.114Z [error] 'freeopcua' retry to connect! 0
2024-05-13T13:04:06.114Z [error] 'freeopcua' retry to connect! 0
2024-05-13T13:04:06.114Z [error] 'freeopcua' retry to connect! 0
2024-05-13T13:04:06.114Z [error] 'freeopcua' retry to connect! 0
2024-05-13T13:04:06.114Z [error] 'freeopcua' retry to connect! 0
2024-05-13T13:04:06.114Z [error] 'freeopcua' retry to connect! 0
2024-05-13T13:04:06.115Z [error] 'freeopcua' retry to connect! 0
2024-05-13T13:04:06.115Z [error] 'freeopcua' retry to connect! 0
2024-05-13T13:04:06.115Z [error] 'freeopcua' retry to connect! 0
2024-05-13T13:04:06.115Z [error] 'freeopcua' retry to connect! 0
2024-05-13T13:04:06.115Z [error] 'freeopcua' retry to connect! 0
2024-05-13T13:04:06.115Z [error] 'freeopcua' retry to connect! 0
2024-05-13T13:04:06.115Z [error] 'freeopcua' retry to connect! 0
2024-05-13T13:04:06.115Z [error] 'freeopcua' retry to connect! 0
2024-05-13T13:04:06.115Z [error] 'freeopcua' retry to connect! 0
2024-05-13T13:04:06.115Z [error] 'freeopcua' retry to connect! 0
2024-05-13T13:04:06.115Z [error] 'freeopcua' retry to connect! 0
2024-05-13T13:04:06.115Z [error] 'freeopcua' retry to connect! 0
2024-05-13T13:04:06.115Z [error] 'freeopcua' retry to connect! 0
2024-05-13T13:04:06.115Z [error] 'freeopcua' retry to connect! 0
2024-05-13T13:04:06.115Z [error] 'freeopcua' retry to connect! 0
2024-05-13T13:04:06.115Z [error] 'freeopcua' retry to connect! 0
2024-05-13T13:04:06.115Z [error] 'freeopcua' retry to connect! 0
2024-05-13T13:04:06.115Z [error] 'freeopcua' retry to connect! 0
2024-05-13T13:04:06.115Z [error] 'freeopcua' retry to connect! 0
2024-05-13T13:04:06.115Z [error] 'freeopcua' retry to connect! 0
2024-05-13T13:04:06.115Z [error] 'freeopcua' retry to connect! 0
2024-05-13T13:04:06.115Z [error] 'freeopcua' retry to connect! 0
2024-05-13T13:04:06.115Z [error] 'freeopcua' retry to connect! 0
2024-05-13T13:04:06.115Z [error] 'freeopcua' retry to connect! 0
2024-05-13T13:04:06.116Z [error] 'freeopcua' retry to connect! 0
2024-05-13T13:04:06.116Z [error] 'freeopcua' retry to connect! 0
2024-05-13T13:04:06.116Z [error] 'freeopcua' retry to connect! 0
2024-05-13T13:04:06.116Z [error] 'freeopcua' retry to connect! 0
2024-05-13T13:04:06.116Z [error] 'freeopcua' retry to connect! 0
2024-05-13T13:04:06.116Z [error] 'freeopcua' retry to connect! 0
2024-05-13T13:04:06.116Z [error] 'freeopcua' retry to connect! 0
2024-05-13T13:04:06.116Z [error] 'freeopcua' retry to connect! 0
2024-05-13T13:04:06.116Z [error] 'freeopcua' retry to connect! 0
2024-05-13T13:04:06.116Z [error] 'freeopcua' retry to connect! 0
2024-05-13T13:04:06.116Z [error] 'freeopcua' retry to connect! 0
2024-05-13T13:04:06.116Z [error] 'freeopcua' retry to connect! 0
2024-05-13T13:04:06.116Z [error] 'freeopcua' retry to connect! 0
2024-05-13T13:04:06.116Z [error] 'freeopcua' retry to connect! 0
2024-05-13T13:04:06.116Z [error] 'freeopcua' retry to connect! 0
2024-05-13T13:04:06.116Z [error] 'freeopcua' retry to connect! 0
2024-05-13T13:04:06.116Z [error] 'freeopcua' retry to connect! 0
2024-05-13T13:04:06.116Z [error] 'freeopcua' retry to connect! 0
2024-05-13T13:04:06.116Z [error] 'freeopcua' retry to connect! 0
2024-05-13T13:04:06.116Z [error] 'freeopcua' retry to connect! 0
2024-05-13T13:04:06.116Z [error] 'freeopcua' retry to connect! 0
2024-05-13T13:04:06.116Z [error] 'freeopcua' retry to connect! 0
2024-05-13T13:04:06.117Z [error] 'freeopcua' retry to connect! 0
2024-05-13T13:04:06.117Z [error] 'freeopcua' retry to connect! 0
2024-05-13T13:04:06.117Z [error] 'freeopcua' retry to connect! 0
2024-05-13T13:04:06.117Z [error] 'freeopcua' retry to connect! 0
2024-05-13T13:04:06.117Z [error] 'freeopcua' retry to connect! 0
2024-05-13T13:04:06.117Z [error] 'freeopcua' retry to connect! 0
2024-05-13T13:04:06.117Z [error] 'freeopcua' retry to connect! 0
2024-05-13T13:04:06.117Z [error] 'freeopcua' retry to connect! 0
2024-05-13T13:04:06.117Z [error] 'freeopcua' retry to connect! 0
2024-05-13T13:04:06.117Z [error] 'freeopcua' retry to connect! 0
2024-05-13T13:04:06.117Z [error] 'freeopcua' retry to connect! 0
2024-05-13T13:04:06.117Z [error] 'freeopcua' retry to connect! 0
2024-05-13T13:04:06.117Z [error] 'freeopcua' retry to connect! 0
2024-05-13T13:04:06.117Z [error] 'freeopcua' retry to connect! 0
2024-05-13T13:04:06.117Z [error] 'freeopcua' retry to connect! 0
2024-05-13T13:04:06.117Z [error] 'freeopcua' retry to connect! 0
2024-05-13T13:04:06.117Z [error] 'freeopcua' retry to connect! 0
2024-05-13T13:04:06.117Z [error] 'freeopcua' retry to connect! 0
2024-05-13T13:04:06.117Z [error] 'freeopcua' retry to connect! 0
2024-05-13T13:04:06.117Z [error] 'freeopcua' retry to connect! 0
2024-05-13T13:04:06.117Z [error] 'freeopcua' retry to connect! 0
2024-05-13T13:04:06.117Z [error] 'freeopcua' retry to connect! 0
2024-05-13T13:04:06.117Z [error] 'freeopcua' retry to connect! 0
2024-05-13T13:04:06.118Z [error] 'freeopcua' retry to connect! 0
2024-05-13T13:04:06.118Z [error] 'freeopcua' retry to connect! 0
2024-05-13T13:04:06.118Z [error] 'freeopcua' retry to connect! 0
2024-05-13T13:04:06.118Z [error] 'freeopcua' retry to connect! 0
2024-05-13T13:04:06.118Z [error] 'freeopcua' retry to connect! 0
2024-05-13T13:04:06.118Z [error] 'freeopcua' retry to connect! 0
2024-05-13T13:04:06.118Z [error] 'freeopcua' retry to connect! 0
2024-05-13T13:04:06.118Z [error] 'freeopcua' retry to connect! 0
2024-05-13T13:04:06.118Z [error] 'freeopcua' retry to connect! 0
2024-05-13T13:04:06.118Z [error] 'freeopcua' retry to connect! 0
2024-05-13T13:04:06.118Z [error] 'freeopcua' retry to connect! 0
2024-05-13T13:04:06.118Z [error] 'freeopcua' retry to connect! 0
2024-05-13T13:04:06.118Z [error] 'freeopcua' retry to connect! 0
2024-05-13T13:04:06.118Z [error] 'freeopcua' retry to connect! 0
2024-05-13T13:04:06.118Z [error] 'freeopcua' retry to connect! 0
2024-05-13T13:04:06.118Z [error] 'freeopcua' retry to connect! 0
2024-05-13T13:04:06.118Z [error] 'freeopcua' retry to connect! 0
2024-05-13T13:04:06.118Z [error] 'freeopcua' retry to connect! 0
2024-05-13T13:04:06.120Z [error] 'freeopcua' retry to connect! 0
2024-05-13T13:04:06.120Z [error] 'freeopcua' retry to connect! 0
2024-05-13T13:04:06.120Z [error] 'freeopcua' retry to connect! 0
2024-05-13T13:04:06.120Z [error] 'freeopcua' retry to connect! 0
2024-05-13T13:04:06.120Z [error] 'freeopcua' retry to connect! 0
2024-05-13T13:04:06.120Z [error] 'freeopcua' retry to connect! 0
2024-05-13T13:04:06.120Z [error] 'freeopcua' retry to connect! 0
2024-05-13T13:04:06.120Z [error] 'freeopcua' retry to connect! 0
2024-05-13T13:04:06.120Z [error] 'freeopcua' retry to connect! 0
2024-05-13T13:04:06.120Z [error] 'freeopcua' retry to connect! 0
2024-05-13T13:04:06.120Z [error] 'freeopcua' retry to connect! 0
2024-05-13T13:04:06.120Z [error] 'freeopcua' retry to connect! 0
2024-05-13T13:04:06.120Z [error] 'freeopcua' retry to connect! 0
2024-05-13T13:04:06.120Z [error] 'freeopcua' retry to connect! 0
2024-05-13T13:04:06.120Z [error] 'freeopcua' retry to connect! 0
2024-05-13T13:04:06.120Z [error] 'freeopcua' retry to connect! 0
2024-05-13T13:04:06.126Z [error] 'freeopcua' connect failure! Error: The connection cannot be established with server opc.tcp://ua_server:4840/freeopcua/server/ .
Please check that the server is up and running or your network configuration.
Err = (connect ECONNREFUSED 172.19.0.2:4840)
2024-05-13T13:04:06.126Z [error] 'freeopcua' try to connect error! Error: The connection cannot be established with server opc.tcp://ua_server:4840/freeopcua/server/ .
Please check that the server is up and running or your network configuration.
Err = (connect ECONNREFUSED 172.19.0.2:4840)
2024-05-13T13:04:11.098Z [error] 'freeopcua' retry to connect! 0
2024-05-13T13:04:11.099Z [error] 'freeopcua' retry to connect! 0
2024-05-13T13:04:11.099Z [error] 'freeopcua' retry to connect! 0
2024-05-13T13:04:11.099Z [error] 'freeopcua' retry to connect! 0
2024-05-13T13:04:11.099Z [error] 'freeopcua' retry to connect! 0
2024-05-13T13:04:11.099Z [error] 'freeopcua' retry to connect! 0
2024-05-13T13:04:11.099Z [error] 'freeopcua' retry to connect! 0
2024-05-13T13:04:11.099Z [error] 'freeopcua' retry to connect! 0
2024-05-13T13:04:11.099Z [error] 'freeopcua' retry to connect! 0
2024-05-13T13:04:11.099Z [error] 'freeopcua' retry to connect! 0
2024-05-13T13:04:11.099Z [error] 'freeopcua' retry to connect! 0
2024-05-13T13:04:11.099Z [error] 'freeopcua' retry to connect! 0
2024-05-13T13:04:11.100Z [error] 'freeopcua' retry to connect! 0
2024-05-13T13:04:11.100Z [error] 'freeopcua' retry to connect! 0
2024-05-13T13:04:11.100Z [error] 'freeopcua' retry to connect! 0
2024-05-13T13:04:11.100Z [error] 'freeopcua' retry to connect! 0
2024-05-13T13:04:11.100Z [error] 'freeopcua' retry to connect! 0
2024-05-13T13:04:11.100Z [error] 'freeopcua' retry to connect! 0
2024-05-13T13:04:11.100Z [error] 'freeopcua' retry to connect! 0
2024-05-13T13:04:11.100Z [error] 'freeopcua' retry to connect! 0
2024-05-13T13:04:11.101Z [error] 'freeopcua' retry to connect! 0
2024-05-13T13:04:11.101Z [error] 'freeopcua' retry to connect! 0
2024-05-13T13:04:11.101Z [error] 'freeopcua' retry to connect! 0
2024-05-13T13:04:11.101Z [error] 'freeopcua' retry to connect! 0
2024-05-13T13:04:11.101Z [error] 'freeopcua' retry to connect! 0
2024-05-13T13:04:11.101Z [error] 'freeopcua' retry to connect! 0
2024-05-13T13:04:11.101Z [error] 'freeopcua' retry to connect! 0
2024-05-13T13:04:11.101Z [error] 'freeopcua' retry to connect! 0
2024-05-13T13:04:11.101Z [error] 'freeopcua' retry to connect! 0
2024-05-13T13:04:11.101Z [error] 'freeopcua' retry to connect! 0
2024-05-13T13:04:11.101Z [error] 'freeopcua' retry to connect! 0
2024-05-13T13:04:11.101Z [error] 'freeopcua' retry to connect! 0
2024-05-13T13:04:11.101Z [error] 'freeopcua' retry to connect! 0
2024-05-13T13:04:11.101Z [error] 'freeopcua' retry to connect! 0
2024-05-13T13:04:11.101Z [error] 'freeopcua' retry to connect! 0
2024-05-13T13:04:11.101Z [error] 'freeopcua' retry to connect! 0
2024-05-13T13:04:11.101Z [error] 'freeopcua' retry to connect! 0
2024-05-13T13:04:11.101Z [error] 'freeopcua' retry to connect! 0
2024-05-13T13:04:11.102Z [error] 'freeopcua' retry to connect! 0
2024-05-13T13:04:11.102Z [error] 'freeopcua' retry to connect! 0
2024-05-13T13:04:11.102Z [error] 'freeopcua' retry to connect! 0
2024-05-13T13:04:11.102Z [error] 'freeopcua' retry to connect! 0
2024-05-13T13:04:11.102Z [error] 'freeopcua' retry to connect! 0
2024-05-13T13:04:11.102Z [error] 'freeopcua' retry to connect! 0
2024-05-13T13:04:11.102Z [error] 'freeopcua' retry to connect! 0
2024-05-13T13:04:11.102Z [error] 'freeopcua' retry to connect! 0
2024-05-13T13:04:11.102Z [error] 'freeopcua' retry to connect! 0
2024-05-13T13:04:11.102Z [error] 'freeopcua' retry to connect! 0
2024-05-13T13:04:11.102Z [error] 'freeopcua' retry to connect! 0
2024-05-13T13:04:11.102Z [error] 'freeopcua' retry to connect! 0
2024-05-13T13:04:11.102Z [error] 'freeopcua' retry to connect! 0
2024-05-13T13:04:11.102Z [error] 'freeopcua' retry to connect! 0
2024-05-13T13:04:11.102Z [error] 'freeopcua' retry to connect! 0
2024-05-13T13:04:11.102Z [error] 'freeopcua' retry to connect! 0
2024-05-13T13:04:11.102Z [error] 'freeopcua' retry to connect! 0
2024-05-13T13:04:11.102Z [error] 'freeopcua' retry to connect! 0
2024-05-13T13:04:11.102Z [error] 'freeopcua' retry to connect! 0
2024-05-13T13:04:11.102Z [error] 'freeopcua' retry to connect! 0
2024-05-13T13:04:11.103Z [error] 'freeopcua' retry to connect! 0
2024-05-13T13:04:11.103Z [error] 'freeopcua' retry to connect! 0
2024-05-13T13:04:11.103Z [error] 'freeopcua' retry to connect! 0
2024-05-13T13:04:11.103Z [error] 'freeopcua' retry to connect! 0
2024-05-13T13:04:11.103Z [error] 'freeopcua' retry to connect! 0
2024-05-13T13:04:11.103Z [error] 'freeopcua' retry to connect! 0
2024-05-13T13:04:11.103Z [error] 'freeopcua' retry to connect! 0
2024-05-13T13:04:11.103Z [error] 'freeopcua' retry to connect! 0
2024-05-13T13:04:11.103Z [error] 'freeopcua' retry to connect! 0
2024-05-13T13:04:11.103Z [error] 'freeopcua' retry to connect! 0
2024-05-13T13:04:11.103Z [error] 'freeopcua' retry to connect! 0
2024-05-13T13:04:11.103Z [error] 'freeopcua' retry to connect! 0
2024-05-13T13:04:11.103Z [error] 'freeopcua' retry to connect! 0
2024-05-13T13:04:11.103Z [error] 'freeopcua' retry to connect! 0
2024-05-13T13:04:11.103Z [error] 'freeopcua' retry to connect! 0
2024-05-13T13:04:11.103Z [error] 'freeopcua' retry to connect! 0
2024-05-13T13:04:11.103Z [error] 'freeopcua' retry to connect! 0
2024-05-13T13:04:11.103Z [error] 'freeopcua' retry to connect! 0
2024-05-13T13:04:11.104Z [error] 'freeopcua' retry to connect! 0
2024-05-13T13:04:11.104Z [error] 'freeopcua' retry to connect! 0
2024-05-13T13:04:11.104Z [error] 'freeopcua' retry to connect! 0
2024-05-13T13:04:11.104Z [error] 'freeopcua' retry to connect! 0
2024-05-13T13:04:11.104Z [error] 'freeopcua' retry to connect! 0
2024-05-13T13:04:11.104Z [error] 'freeopcua' retry to connect! 0
2024-05-13T13:04:11.104Z [error] 'freeopcua' retry to connect! 0
2024-05-13T13:04:11.104Z [error] 'freeopcua' retry to connect! 0
2024-05-13T13:04:11.104Z [error] 'freeopcua' retry to connect! 0
2024-05-13T13:04:11.104Z [error] 'freeopcua' retry to connect! 0
2024-05-13T13:04:11.104Z [error] 'freeopcua' retry to connect! 0
2024-05-13T13:04:11.104Z [error] 'freeopcua' retry to connect! 0
2024-05-13T13:04:11.104Z [error] 'freeopcua' retry to connect! 0
2024-05-13T13:04:11.104Z [error] 'freeopcua' retry to connect! 0
2024-05-13T13:04:11.104Z [error] 'freeopcua' retry to connect! 0
2024-05-13T13:04:11.104Z [error] 'freeopcua' retry to connect! 0
2024-05-13T13:04:11.104Z [error] 'freeopcua' retry to connect! 0
2024-05-13T13:04:11.104Z [error] 'freeopcua' retry to connect! 0
2024-05-13T13:04:11.104Z [error] 'freeopcua' retry to connect! 0
2024-05-13T13:04:11.104Z [error] 'freeopcua' retry to connect! 0
2024-05-13T13:04:11.104Z [error] 'freeopcua' retry to connect! 0
2024-05-13T13:04:11.105Z [error] 'freeopcua' retry to connect! 0
2024-05-13T13:04:11.105Z [error] 'freeopcua' retry to connect! 0
2024-05-13T13:04:11.105Z [error] 'freeopcua' retry to connect! 0
2024-05-13T13:04:11.105Z [error] 'freeopcua' retry to connect! 0
2024-05-13T13:04:11.105Z [error] 'freeopcua' retry to connect! 0
2024-05-13T13:04:11.105Z [error] 'freeopcua' retry to connect! 0
2024-05-13T13:04:11.105Z [error] 'freeopcua' retry to connect! 0
2024-05-13T13:04:11.105Z [error] 'freeopcua' retry to connect! 0
2024-05-13T13:04:11.105Z [error] 'freeopcua' retry to connect! 0
2024-05-13T13:04:11.105Z [error] 'freeopcua' retry to connect! 0
2024-05-13T13:04:11.105Z [error] 'freeopcua' retry to connect! 0
2024-05-13T13:04:11.106Z [error] 'freeopcua' retry to connect! 0
2024-05-13T13:04:11.106Z [error] 'freeopcua' retry to connect! 0
2024-05-13T13:04:11.106Z [error] 'freeopcua' retry to connect! 0
2024-05-13T13:04:11.106Z [error] 'freeopcua' retry to connect! 0
2024-05-13T13:04:11.109Z [error] 'freeopcua' connect failure! Error: The connection cannot be established with server opc.tcp://ua_server:4840/freeopcua/server/ .
Please check that the server is up and running or your network configuration.
Err = (connect ECONNREFUSED 172.19.0.2:4840)
2024-05-13T13:04:11.109Z [error] 'freeopcua' try to connect error! Error: The connection cannot be established with server opc.tcp://ua_server:4840/freeopcua/server/ .
Please check that the server is up and running or your network configuration.
Err = (connect ECONNREFUSED 172.19.0.2:4840)
2024-05-13T13:04:16.112Z [error] 'freeopcua' retry to connect! 0
2024-05-13T13:04:16.113Z [error] 'freeopcua' retry to connect! 0
2024-05-13T13:04:16.113Z [error] 'freeopcua' retry to connect! 0
2024-05-13T13:04:16.113Z [error] 'freeopcua' retry to connect! 0
2024-05-13T13:04:16.113Z [error] 'freeopcua' retry to connect! 0
2024-05-13T13:04:16.114Z [error] 'freeopcua' retry to connect! 0
2024-05-13T13:04:16.114Z [error] 'freeopcua' retry to connect! 0
2024-05-13T13:04:16.114Z [error] 'freeopcua' retry to connect! 0
2024-05-13T13:04:16.114Z [error] 'freeopcua' retry to connect! 0
2024-05-13T13:04:16.115Z [error] 'freeopcua' retry to connect! 0
2024-05-13T13:04:16.115Z [error] 'freeopcua' retry to connect! 0
2024-05-13T13:04:16.115Z [error] 'freeopcua' retry to connect! 0
2024-05-13T13:04:16.115Z [error] 'freeopcua' retry to connect! 0
2024-05-13T13:04:16.115Z [error] 'freeopcua' retry to connect! 0
2024-05-13T13:04:16.115Z [error] 'freeopcua' retry to connect! 0
2024-05-13T13:04:16.115Z [error] 'freeopcua' retry to connect! 0
2024-05-13T13:04:16.116Z [error] 'freeopcua' retry to connect! 0
2024-05-13T13:04:16.116Z [error] 'freeopcua' retry to connect! 0
2024-05-13T13:04:16.116Z [error] 'freeopcua' retry to connect! 0
2024-05-13T13:04:16.116Z [error] 'freeopcua' retry to connect! 0
2024-05-13T13:04:16.116Z [error] 'freeopcua' retry to connect! 0
2024-05-13T13:04:16.116Z [error] 'freeopcua' retry to connect! 0
2024-05-13T13:04:16.117Z [error] 'freeopcua' retry to connect! 0
2024-05-13T13:04:16.117Z [error] 'freeopcua' retry to connect! 0
2024-05-13T13:04:16.117Z [error] 'freeopcua' retry to connect! 0
2024-05-13T13:04:16.117Z [error] 'freeopcua' retry to connect! 0
2024-05-13T13:04:16.119Z [error] 'freeopcua' retry to connect! 0
2024-05-13T13:04:16.120Z [error] 'freeopcua' retry to connect! 0
2024-05-13T13:04:16.120Z [error] 'freeopcua' retry to connect! 0
2024-05-13T13:04:16.120Z [error] 'freeopcua' retry to connect! 0
2024-05-13T13:04:16.121Z [error] 'freeopcua' retry to connect! 0
2024-05-13T13:04:16.121Z [error] 'freeopcua' retry to connect! 0
2024-05-13T13:04:16.121Z [error] 'freeopcua' retry to connect! 0
2024-05-13T13:04:16.121Z [error] 'freeopcua' retry to connect! 0
2024-05-13T13:04:16.121Z [error] 'freeopcua' retry to connect! 0
2024-05-13T13:04:16.121Z [error] 'freeopcua' retry to connect! 0
2024-05-13T13:04:16.121Z [error] 'freeopcua' retry to connect! 0
2024-05-13T13:04:16.121Z [error] 'freeopcua' retry to connect! 0
2024-05-13T13:04:16.121Z [error] 'freeopcua' retry to connect! 0
2024-05-13T13:04:16.121Z [error] 'freeopcua' retry to connect! 0
2024-05-13T13:04:16.121Z [error] 'freeopcua' retry to connect! 0
2024-05-13T13:04:16.121Z [error] 'freeopcua' retry to connect! 0
2024-05-13T13:04:16.122Z [error] 'freeopcua' retry to connect! 0
2024-05-13T13:04:16.122Z [error] 'freeopcua' retry to connect! 0
2024-05-13T13:04:16.122Z [error] 'freeopcua' retry to connect! 0
2024-05-13T13:04:16.122Z [error] 'freeopcua' retry to connect! 0
2024-05-13T13:04:16.122Z [error] 'freeopcua' retry to connect! 0
2024-05-13T13:04:16.122Z [error] 'freeopcua' retry to connect! 0
2024-05-13T13:04:16.122Z [error] 'freeopcua' retry to connect! 0
2024-05-13T13:04:16.122Z [error] 'freeopcua' retry to connect! 0
2024-05-13T13:04:16.122Z [error] 'freeopcua' retry to connect! 0
2024-05-13T13:04:16.122Z [error] 'freeopcua' retry to connect! 0
2024-05-13T13:04:16.122Z [error] 'freeopcua' retry to connect! 0
2024-05-13T13:04:16.122Z [error] 'freeopcua' retry to connect! 0
2024-05-13T13:04:16.122Z [error] 'freeopcua' retry to connect! 0
2024-05-13T13:04:16.123Z [error] 'freeopcua' retry to connect! 0
2024-05-13T13:04:16.123Z [error] 'freeopcua' retry to connect! 0
2024-05-13T13:04:16.123Z [error] 'freeopcua' retry to connect! 0
2024-05-13T13:04:16.123Z [error] 'freeopcua' retry to connect! 0
2024-05-13T13:04:16.123Z [error] 'freeopcua' retry to connect! 0
2024-05-13T13:04:16.123Z [error] 'freeopcua' retry to connect! 0
2024-05-13T13:04:16.123Z [error] 'freeopcua' retry to connect! 0
2024-05-13T13:04:16.124Z [error] 'freeopcua' retry to connect! 0
2024-05-13T13:04:16.127Z [error] 'freeopcua' retry to connect! 0
2024-05-13T13:04:16.128Z [error] 'freeopcua' retry to connect! 0
2024-05-13T13:04:16.129Z [error] 'freeopcua' retry to connect! 0
2024-05-13T13:04:16.129Z [error] 'freeopcua' retry to connect! 0
2024-05-13T13:04:16.129Z [error] 'freeopcua' retry to connect! 0
2024-05-13T13:04:16.129Z [error] 'freeopcua' retry to connect! 0
2024-05-13T13:04:16.129Z [error] 'freeopcua' retry to connect! 0
2024-05-13T13:04:16.129Z [error] 'freeopcua' retry to connect! 0
2024-05-13T13:04:16.130Z [error] 'freeopcua' retry to connect! 0
2024-05-13T13:04:16.130Z [error] 'freeopcua' retry to connect! 0
2024-05-13T13:04:16.130Z [error] 'freeopcua' retry to connect! 0
2024-05-13T13:04:16.130Z [error] 'freeopcua' retry to connect! 0
2024-05-13T13:04:16.130Z [error] 'freeopcua' retry to connect! 0
2024-05-13T13:04:16.130Z [error] 'freeopcua' retry to connect! 0
2024-05-13T13:04:16.131Z [error] 'freeopcua' retry to connect! 0
2024-05-13T13:04:16.131Z [error] 'freeopcua' retry to connect! 0
2024-05-13T13:04:16.131Z [error] 'freeopcua' retry to connect! 0
2024-05-13T13:04:16.132Z [error] 'freeopcua' retry to connect! 0
2024-05-13T13:04:16.132Z [error] 'freeopcua' retry to connect! 0
2024-05-13T13:04:16.132Z [error] 'freeopcua' retry to connect! 0
2024-05-13T13:04:16.132Z [error] 'freeopcua' retry to connect! 0
2024-05-13T13:04:16.132Z [error] 'freeopcua' retry to connect! 0
2024-05-13T13:04:16.132Z [error] 'freeopcua' retry to connect! 0
2024-05-13T13:04:16.132Z [error] 'freeopcua' retry to connect! 0
2024-05-13T13:04:16.132Z [error] 'freeopcua' retry to connect! 0
2024-05-13T13:04:16.132Z [error] 'freeopcua' retry to connect! 0
2024-05-13T13:04:16.132Z [error] 'freeopcua' retry to connect! 0
2024-05-13T13:04:16.132Z [error] 'freeopcua' retry to connect! 0
2024-05-13T13:04:16.133Z [error] 'freeopcua' retry to connect! 0
2024-05-13T13:04:16.133Z [error] 'freeopcua' retry to connect! 0
2024-05-13T13:04:16.133Z [error] 'freeopcua' retry to connect! 0
2024-05-13T13:04:16.133Z [error] 'freeopcua' retry to connect! 0
2024-05-13T13:04:16.133Z [error] 'freeopcua' retry to connect! 0
2024-05-13T13:04:16.133Z [error] 'freeopcua' retry to connect! 0
2024-05-13T13:04:16.134Z [error] 'freeopcua' retry to connect! 0
2024-05-13T13:04:16.134Z [error] 'freeopcua' retry to connect! 0
2024-05-13T13:04:16.134Z [error] 'freeopcua' retry to connect! 0
2024-05-13T13:04:16.134Z [error] 'freeopcua' retry to connect! 0
2024-05-13T13:04:16.134Z [error] 'freeopcua' retry to connect! 0
2024-05-13T13:04:16.134Z [error] 'freeopcua' retry to connect! 0
2024-05-13T13:04:16.134Z [error] 'freeopcua' retry to connect! 0
2024-05-13T13:04:16.134Z [error] 'freeopcua' retry to connect! 0
2024-05-13T13:04:16.135Z [error] 'freeopcua' retry to connect! 0
2024-05-13T13:04:16.135Z [error] 'freeopcua' retry to connect! 0
2024-05-13T13:04:16.135Z [error] 'freeopcua' retry to connect! 0
2024-05-13T13:04:16.135Z [error] 'freeopcua' retry to connect! 0
2024-05-13T13:04:16.135Z [error] 'freeopcua' retry to connect! 0
2024-05-13T13:04:16.135Z [error] 'freeopcua' retry to connect! 0
2024-05-13T13:04:16.135Z [error] 'freeopcua' retry to connect! 0
2024-05-13T13:04:16.135Z [error] 'freeopcua' retry to connect! 0
2024-05-13T13:04:16.139Z [error] 'freeopcua' connect failure! Error: The connection cannot be established with server opc.tcp://ua_server:4840/freeopcua/server/ .
Please check that the server is up and running or your network configuration.
Err = (connect ECONNREFUSED 172.19.0.2:4840)
2024-05-13T13:04:16.139Z [error] 'freeopcua' try to connect error! Error: The connection cannot be established with server opc.tcp://ua_server:4840/freeopcua/server/ .
Please check that the server is up and running or your network configuration.
Err = (connect ECONNREFUSED 172.19.0.2:4840)
2024-05-13T13:04:21.115Z [error] 'freeopcua' retry to connect! 0
2024-05-13T13:04:21.116Z [error] 'freeopcua' retry to connect! 0
2024-05-13T13:04:21.116Z [error] 'freeopcua' retry to connect! 0
2024-05-13T13:04:21.116Z [error] 'freeopcua' retry to connect! 0
2024-05-13T13:04:21.116Z [error] 'freeopcua' retry to connect! 0
2024-05-13T13:04:21.116Z [error] 'freeopcua' retry to connect! 0
2024-05-13T13:04:21.116Z [error] 'freeopcua' retry to connect! 0
2024-05-13T13:04:21.116Z [error] 'freeopcua' retry to connect! 0
2024-05-13T13:04:21.116Z [error] 'freeopcua' retry to connect! 0
2024-05-13T13:04:21.116Z [error] 'freeopcua' retry to connect! 0
2024-05-13T13:04:21.116Z [error] 'freeopcua' retry to connect! 0
2024-05-13T13:04:21.116Z [error] 'freeopcua' retry to connect! 0
2024-05-13T13:04:21.116Z [error] 'freeopcua' retry to connect! 0
2024-05-13T13:04:21.116Z [error] 'freeopcua' retry to connect! 0
2024-05-13T13:04:21.116Z [error] 'freeopcua' retry to connect! 0
2024-05-13T13:04:21.116Z [error] 'freeopcua' retry to connect! 0
2024-05-13T13:04:21.116Z [error] 'freeopcua' retry to connect! 0
2024-05-13T13:04:21.117Z [error] 'freeopcua' retry to connect! 0
2024-05-13T13:04:21.117Z [error] 'freeopcua' retry to connect! 0
2024-05-13T13:04:21.117Z [error] 'freeopcua' retry to connect! 0
2024-05-13T13:04:21.117Z [error] 'freeopcua' retry to connect! 0
2024-05-13T13:04:21.117Z [error] 'freeopcua' retry to connect! 0
2024-05-13T13:04:21.117Z [error] 'freeopcua' retry to connect! 0
2024-05-13T13:04:21.117Z [error] 'freeopcua' retry to connect! 0
2024-05-13T13:04:21.117Z [error] 'freeopcua' retry to connect! 0
2024-05-13T13:04:21.119Z [error] 'freeopcua' retry to connect! 0
2024-05-13T13:04:21.119Z [error] 'freeopcua' retry to connect! 0
2024-05-13T13:04:21.119Z [error] 'freeopcua' retry to connect! 0
2024-05-13T13:04:21.119Z [error] 'freeopcua' retry to connect! 0
2024-05-13T13:04:21.119Z [error] 'freeopcua' retry to connect! 0
2024-05-13T13:04:21.119Z [error] 'freeopcua' retry to connect! 0
2024-05-13T13:04:21.119Z [error] 'freeopcua' retry to connect! 0
2024-05-13T13:04:21.119Z [error] 'freeopcua' retry to connect! 0
2024-05-13T13:04:21.119Z [error] 'freeopcua' retry to connect! 0
2024-05-13T13:04:21.119Z [error] 'freeopcua' retry to connect! 0
2024-05-13T13:04:21.119Z [error] 'freeopcua' retry to connect! 0
2024-05-13T13:04:21.119Z [error] 'freeopcua' retry to connect! 0
2024-05-13T13:04:21.119Z [error] 'freeopcua' retry to connect! 0
2024-05-13T13:04:21.119Z [error] 'freeopcua' retry to connect! 0
2024-05-13T13:04:21.119Z [error] 'freeopcua' retry to connect! 0
2024-05-13T13:04:21.119Z [error] 'freeopcua' retry to connect! 0
2024-05-13T13:04:21.119Z [error] 'freeopcua' retry to connect! 0
2024-05-13T13:04:21.119Z [error] 'freeopcua' retry to connect! 0
2024-05-13T13:04:21.119Z [error] 'freeopcua' retry to connect! 0
2024-05-13T13:04:21.119Z [error] 'freeopcua' retry to connect! 0
2024-05-13T13:04:21.119Z [error] 'freeopcua' retry to connect! 0
2024-05-13T13:04:21.119Z [error] 'freeopcua' retry to connect! 0
2024-05-13T13:04:21.120Z [error] 'freeopcua' retry to connect! 0
2024-05-13T13:04:21.120Z [error] 'freeopcua' retry to connect! 0
2024-05-13T13:04:21.120Z [error] 'freeopcua' retry to connect! 0
2024-05-13T13:04:21.120Z [error] 'freeopcua' retry to connect! 0
2024-05-13T13:04:21.120Z [error] 'freeopcua' retry to connect! 0
2024-05-13T13:04:21.120Z [error] 'freeopcua' retry to connect! 0
2024-05-13T13:04:21.120Z [error] 'freeopcua' retry to connect! 0
2024-05-13T13:04:21.120Z [error] 'freeopcua' retry to connect! 0
2024-05-13T13:04:21.120Z [error] 'freeopcua' retry to connect! 0
2024-05-13T13:04:21.120Z [error] 'freeopcua' retry to connect! 0
2024-05-13T13:04:21.120Z [error] 'freeopcua' retry to connect! 0
2024-05-13T13:04:21.120Z [error] 'freeopcua' retry to connect! 0
2024-05-13T13:04:21.120Z [error] 'freeopcua' retry to connect! 0
2024-05-13T13:04:21.120Z [error] 'freeopcua' retry to connect! 0
2024-05-13T13:04:21.120Z [error] 'freeopcua' retry to connect! 0
2024-05-13T13:04:21.120Z [error] 'freeopcua' retry to connect! 0
2024-05-13T13:04:21.120Z [error] 'freeopcua' retry to connect! 0
2024-05-13T13:04:21.120Z [error] 'freeopcua' retry to connect! 0
2024-05-13T13:04:21.120Z [error] 'freeopcua' retry to connect! 0
2024-05-13T13:04:21.120Z [error] 'freeopcua' retry to connect! 0
2024-05-13T13:04:21.120Z [error] 'freeopcua' retry to connect! 0
2024-05-13T13:04:21.120Z [error] 'freeopcua' retry to connect! 0
2024-05-13T13:04:21.120Z [error] 'freeopcua' retry to connect! 0
2024-05-13T13:04:21.120Z [error] 'freeopcua' retry to connect! 0
2024-05-13T13:04:21.120Z [error] 'freeopcua' retry to connect! 0
2024-05-13T13:04:21.120Z [error] 'freeopcua' retry to connect! 0
2024-05-13T13:04:21.120Z [error] 'freeopcua' retry to connect! 0
2024-05-13T13:04:21.120Z [error] 'freeopcua' retry to connect! 0
2024-05-13T13:04:21.120Z [error] 'freeopcua' retry to connect! 0
2024-05-13T13:04:21.121Z [error] 'freeopcua' retry to connect! 0
2024-05-13T13:04:21.121Z [error] 'freeopcua' retry to connect! 0
2024-05-13T13:04:21.121Z [error] 'freeopcua' retry to connect! 0
2024-05-13T13:04:21.121Z [error] 'freeopcua' retry to connect! 0
2024-05-13T13:04:21.121Z [error] 'freeopcua' retry to connect! 0
2024-05-13T13:04:21.121Z [error] 'freeopcua' retry to connect! 0
2024-05-13T13:04:21.121Z [error] 'freeopcua' retry to connect! 0
2024-05-13T13:04:21.121Z [error] 'freeopcua' retry to connect! 0
2024-05-13T13:04:21.121Z [error] 'freeopcua' retry to connect! 0
2024-05-13T13:04:21.121Z [error] 'freeopcua' retry to connect! 0
2024-05-13T13:04:21.121Z [error] 'freeopcua' retry to connect! 0
2024-05-13T13:04:21.121Z [error] 'freeopcua' retry to connect! 0
2024-05-13T13:04:21.121Z [error] 'freeopcua' retry to connect! 0
2024-05-13T13:04:21.121Z [error] 'freeopcua' retry to connect! 0
2024-05-13T13:04:21.121Z [error] 'freeopcua' retry to connect! 0
2024-05-13T13:04:21.121Z [error] 'freeopcua' retry to connect! 0
2024-05-13T13:04:21.121Z [error] 'freeopcua' retry to connect! 0
2024-05-13T13:04:21.121Z [error] 'freeopcua' retry to connect! 0
2024-05-13T13:04:21.121Z [error] 'freeopcua' retry to connect! 0
2024-05-13T13:04:21.122Z [error] 'freeopcua' retry to connect! 0
2024-05-13T13:04:21.122Z [error] 'freeopcua' retry to connect! 0
2024-05-13T13:04:21.122Z [error] 'freeopcua' retry to connect! 0
2024-05-13T13:04:21.122Z [error] 'freeopcua' retry to connect! 0
2024-05-13T13:04:21.122Z [error] 'freeopcua' retry to connect! 0
2024-05-13T13:04:21.122Z [error] 'freeopcua' retry to connect! 0
2024-05-13T13:04:21.122Z [error] 'freeopcua' retry to connect! 0
2024-05-13T13:04:21.122Z [error] 'freeopcua' retry to connect! 0
2024-05-13T13:04:21.122Z [error] 'freeopcua' retry to connect! 0
2024-05-13T13:04:21.123Z [error] 'freeopcua' retry to connect! 0
2024-05-13T13:04:21.123Z [error] 'freeopcua' retry to connect! 0
2024-05-13T13:04:21.123Z [error] 'freeopcua' retry to connect! 0
2024-05-13T13:04:21.123Z [error] 'freeopcua' retry to connect! 0
2024-05-13T13:04:21.123Z [error] 'freeopcua' retry to connect! 0
2024-05-13T13:04:21.123Z [error] 'freeopcua' retry to connect! 0
2024-05-13T13:04:21.123Z [error] 'freeopcua' retry to connect! 0
2024-05-13T13:04:21.123Z [error] 'freeopcua' retry to connect! 0
2024-05-13T13:04:21.123Z [error] 'freeopcua' retry to connect! 0
2024-05-13T13:04:21.123Z [error] 'freeopcua' retry to connect! 0
2024-05-13T13:04:21.127Z [error] 'freeopcua' connect failure! Error: The connection cannot be established with server opc.tcp://ua_server:4840/freeopcua/server/ .
Please check that the server is up and running or your network configuration.
Err = (connect ECONNREFUSED 172.19.0.2:4840)
2024-05-13T13:04:21.127Z [error] 'freeopcua' try to connect error! Error: The connection cannot be established with server opc.tcp://ua_server:4840/freeopcua/server/ .
Please check that the server is up and running or your network configuration.
Err = (connect ECONNREFUSED 172.19.0.2:4840)
2024-05-13T13:04:26.107Z [error] 'freeopcua' retry to connect! 0
2024-05-13T13:04:26.107Z [error] 'freeopcua' retry to connect! 0
2024-05-13T13:04:26.107Z [error] 'freeopcua' retry to connect! 0
2024-05-13T13:04:26.107Z [error] 'freeopcua' retry to connect! 0
2024-05-13T13:04:26.108Z [error] 'freeopcua' retry to connect! 0
2024-05-13T13:04:26.108Z [error] 'freeopcua' retry to connect! 0
2024-05-13T13:04:26.108Z [error] 'freeopcua' retry to connect! 0
2024-05-13T13:04:26.108Z [error] 'freeopcua' retry to connect! 0
2024-05-13T13:04:26.108Z [error] 'freeopcua' retry to connect! 0
2024-05-13T13:04:26.108Z [error] 'freeopcua' retry to connect! 0
2024-05-13T13:04:26.109Z [error] 'freeopcua' retry to connect! 0
2024-05-13T13:04:26.109Z [error] 'freeopcua' retry to connect! 0
2024-05-13T13:04:26.109Z [error] 'freeopcua' retry to connect! 0
2024-05-13T13:04:26.109Z [error] 'freeopcua' retry to connect! 0
2024-05-13T13:04:26.110Z [error] 'freeopcua' retry to connect! 0
2024-05-13T13:04:26.110Z [error] 'freeopcua' retry to connect! 0
2024-05-13T13:04:26.110Z [error] 'freeopcua' retry to connect! 0
2024-05-13T13:04:26.110Z [error] 'freeopcua' retry to connect! 0
2024-05-13T13:04:26.110Z [error] 'freeopcua' retry to connect! 0
2024-05-13T13:04:26.110Z [error] 'freeopcua' retry to connect! 0
2024-05-13T13:04:26.110Z [error] 'freeopcua' retry to connect! 0
2024-05-13T13:04:26.111Z [error] 'freeopcua' retry to connect! 0
2024-05-13T13:04:26.111Z [error] 'freeopcua' retry to connect! 0
2024-05-13T13:04:26.111Z [error] 'freeopcua' retry to connect! 0
2024-05-13T13:04:26.111Z [error] 'freeopcua' retry to connect! 0
2024-05-13T13:04:26.111Z [error] 'freeopcua' retry to connect! 0
2024-05-13T13:04:26.111Z [error] 'freeopcua' retry to connect! 0
2024-05-13T13:04:26.111Z [error] 'freeopcua' retry to connect! 0
2024-05-13T13:04:26.111Z [error] 'freeopcua' retry to connect! 0
2024-05-13T13:04:26.111Z [error] 'freeopcua' retry to connect! 0
2024-05-13T13:04:26.111Z [error] 'freeopcua' retry to connect! 0
2024-05-13T13:04:26.111Z [error] 'freeopcua' retry to connect! 0
2024-05-13T13:04:26.111Z [error] 'freeopcua' retry to connect! 0
2024-05-13T13:04:26.111Z [error] 'freeopcua' retry to connect! 0
2024-05-13T13:04:26.112Z [error] 'freeopcua' retry to connect! 0
2024-05-13T13:04:26.112Z [error] 'freeopcua' retry to connect! 0
2024-05-13T13:04:26.112Z [error] 'freeopcua' retry to connect! 0
2024-05-13T13:04:26.112Z [error] 'freeopcua' retry to connect! 0
2024-05-13T13:04:26.112Z [error] 'freeopcua' retry to connect! 0
2024-05-13T13:04:26.112Z [error] 'freeopcua' retry to connect! 0
2024-05-13T13:04:26.112Z [error] 'freeopcua' retry to connect! 0
2024-05-13T13:04:26.112Z [error] 'freeopcua' retry to connect! 0
2024-05-13T13:04:26.112Z [error] 'freeopcua' retry to connect! 0
2024-05-13T13:04:26.112Z [error] 'freeopcua' retry to connect! 0
2024-05-13T13:04:26.112Z [error] 'freeopcua' retry to connect! 0
2024-05-13T13:04:26.112Z [error] 'freeopcua' retry to connect! 0
2024-05-13T13:04:26.112Z [error] 'freeopcua' retry to connect! 0
2024-05-13T13:04:26.113Z [error] 'freeopcua' retry to connect! 0
2024-05-13T13:04:26.113Z [error] 'freeopcua' retry to connect! 0
2024-05-13T13:04:26.113Z [error] 'freeopcua' retry to connect! 0
2024-05-13T13:04:26.113Z [error] 'freeopcua' retry to connect! 0
2024-05-13T13:04:26.113Z [error] 'freeopcua' retry to connect! 0
2024-05-13T13:04:26.113Z [error] 'freeopcua' retry to connect! 0
2024-05-13T13:04:26.113Z [error] 'freeopcua' retry to connect! 0
2024-05-13T13:04:26.113Z [error] 'freeopcua' retry to connect! 0
2024-05-13T13:04:26.113Z [error] 'freeopcua' retry to connect! 0
2024-05-13T13:04:26.113Z [error] 'freeopcua' retry to connect! 0
2024-05-13T13:04:26.113Z [error] 'freeopcua' retry to connect! 0
2024-05-13T13:04:26.113Z [error] 'freeopcua' retry to connect! 0
2024-05-13T13:04:26.113Z [error] 'freeopcua' retry to connect! 0
2024-05-13T13:04:26.113Z [error] 'freeopcua' retry to connect! 0
2024-05-13T13:04:26.114Z [error] 'freeopcua' retry to connect! 0
2024-05-13T13:04:26.114Z [error] 'freeopcua' retry to connect! 0
2024-05-13T13:04:26.114Z [error] 'freeopcua' retry to connect! 0
2024-05-13T13:04:26.114Z [error] 'freeopcua' retry to connect! 0
2024-05-13T13:04:26.114Z [error] 'freeopcua' retry to connect! 0
2024-05-13T13:04:26.114Z [error] 'freeopcua' retry to connect! 0
2024-05-13T13:04:26.114Z [error] 'freeopcua' retry to connect! 0
2024-05-13T13:04:26.114Z [error] 'freeopcua' retry to connect! 0
2024-05-13T13:04:26.114Z [error] 'freeopcua' retry to connect! 0
2024-05-13T13:04:26.114Z [error] 'freeopcua' retry to connect! 0
2024-05-13T13:04:26.114Z [error] 'freeopcua' retry to connect! 0
2024-05-13T13:04:26.114Z [error] 'freeopcua' retry to connect! 0
2024-05-13T13:04:26.114Z [error] 'freeopcua' retry to connect! 0
2024-05-13T13:04:26.114Z [error] 'freeopcua' retry to connect! 0
2024-05-13T13:04:26.114Z [error] 'freeopcua' retry to connect! 0
2024-05-13T13:04:26.116Z [error] 'freeopcua' retry to connect! 0
2024-05-13T13:04:26.117Z [error] 'freeopcua' retry to connect! 0
2024-05-13T13:04:26.117Z [error] 'freeopcua' retry to connect! 0
2024-05-13T13:04:26.117Z [error] 'freeopcua' retry to connect! 0
2024-05-13T13:04:26.117Z [error] 'freeopcua' retry to connect! 0
2024-05-13T13:04:26.117Z [error] 'freeopcua' retry to connect! 0
2024-05-13T13:04:26.117Z [error] 'freeopcua' retry to connect! 0
2024-05-13T13:04:26.118Z [error] 'freeopcua' retry to connect! 0
2024-05-13T13:04:26.118Z [error] 'freeopcua' retry to connect! 0
2024-05-13T13:04:26.118Z [error] 'freeopcua' retry to connect! 0
2024-05-13T13:04:26.118Z [error] 'freeopcua' retry to connect! 0
2024-05-13T13:04:26.118Z [error] 'freeopcua' retry to connect! 0
2024-05-13T13:04:26.118Z [error] 'freeopcua' retry to connect! 0
2024-05-13T13:04:26.119Z [error] 'freeopcua' retry to connect! 0
2024-05-13T13:04:26.119Z [error] 'freeopcua' retry to connect! 0
2024-05-13T13:04:26.119Z [error] 'freeopcua' retry to connect! 0
2024-05-13T13:04:26.120Z [error] 'freeopcua' retry to connect! 0
2024-05-13T13:04:26.120Z [error] 'freeopcua' retry to connect! 0
2024-05-13T13:04:26.120Z [error] 'freeopcua' retry to connect! 0
2024-05-13T13:04:26.120Z [error] 'freeopcua' retry to connect! 0
2024-05-13T13:04:26.120Z [error] 'freeopcua' retry to connect! 0
2024-05-13T13:04:26.120Z [error] 'freeopcua' retry to connect! 0
2024-05-13T13:04:26.121Z [error] 'freeopcua' retry to connect! 0
2024-05-13T13:04:26.121Z [error] 'freeopcua' retry to connect! 0
2024-05-13T13:04:26.121Z [error] 'freeopcua' retry to connect! 0
2024-05-13T13:04:26.121Z [error] 'freeopcua' retry to connect! 0
2024-05-13T13:04:26.121Z [error] 'freeopcua' retry to connect! 0
2024-05-13T13:04:26.121Z [error] 'freeopcua' retry to connect! 0
2024-05-13T13:04:26.121Z [error] 'freeopcua' retry to connect! 0
2024-05-13T13:04:26.121Z [error] 'freeopcua' retry to connect! 0
2024-05-13T13:04:26.123Z [error] 'freeopcua' retry to connect! 0
2024-05-13T13:04:26.123Z [error] 'freeopcua' retry to connect! 0
2024-05-13T13:04:26.123Z [error] 'freeopcua' retry to connect! 0
2024-05-13T13:04:26.124Z [error] 'freeopcua' retry to connect! 0
2024-05-13T13:04:26.124Z [error] 'freeopcua' retry to connect! 0
2024-05-13T13:04:26.124Z [error] 'freeopcua' retry to connect! 0
2024-05-13T13:04:26.124Z [error] 'freeopcua' retry to connect! 0
2024-05-13T13:04:26.125Z [error] 'freeopcua' retry to connect! 0
2024-05-13T13:04:26.125Z [error] 'freeopcua' retry to connect! 0
2024-05-13T13:04:26.129Z [error] 'freeopcua' connect failure! Error: The connection cannot be established with server opc.tcp://ua_server:4840/freeopcua/server/ .
Please check that the server is up and running or your network configuration.
Err = (connect ECONNREFUSED 172.19.0.2:4840)
2024-05-13T13:04:26.129Z [error] 'freeopcua' try to connect error! Error: The connection cannot be established with server opc.tcp://ua_server:4840/freeopcua/server/ .
Please check that the server is up and running or your network configuration.
Err = (connect ECONNREFUSED 172.19.0.2:4840)
2024-05-13T13:04:31.104Z [error] 'freeopcua' retry to connect! 0
2024-05-13T13:04:31.104Z [error] 'freeopcua' retry to connect! 0
2024-05-13T13:04:31.104Z [error] 'freeopcua' retry to connect! 0
2024-05-13T13:04:31.104Z [error] 'freeopcua' retry to connect! 0
2024-05-13T13:04:31.104Z [error] 'freeopcua' retry to connect! 0
2024-05-13T13:04:31.104Z [error] 'freeopcua' retry to connect! 0
2024-05-13T13:04:31.104Z [error] 'freeopcua' retry to connect! 0
2024-05-13T13:04:31.104Z [error] 'freeopcua' retry to connect! 0
2024-05-13T13:04:31.104Z [error] 'freeopcua' retry to connect! 0
2024-05-13T13:04:31.104Z [error] 'freeopcua' retry to connect! 0
2024-05-13T13:04:31.104Z [error] 'freeopcua' retry to connect! 0
2024-05-13T13:04:31.104Z [error] 'freeopcua' retry to connect! 0
2024-05-13T13:04:31.104Z [error] 'freeopcua' retry to connect! 0
2024-05-13T13:04:31.104Z [error] 'freeopcua' retry to connect! 0
2024-05-13T13:04:31.104Z [error] 'freeopcua' retry to connect! 0
2024-05-13T13:04:31.104Z [error] 'freeopcua' retry to connect! 0
2024-05-13T13:04:31.104Z [error] 'freeopcua' retry to connect! 0
2024-05-13T13:04:31.104Z [error] 'freeopcua' retry to connect! 0
2024-05-13T13:04:31.104Z [error] 'freeopcua' retry to connect! 0
2024-05-13T13:04:31.104Z [error] 'freeopcua' retry to connect! 0
2024-05-13T13:04:31.104Z [error] 'freeopcua' retry to connect! 0
2024-05-13T13:04:31.105Z [error] 'freeopcua' retry to connect! 0
2024-05-13T13:04:31.105Z [error] 'freeopcua' retry to connect! 0
2024-05-13T13:04:31.105Z [error] 'freeopcua' retry to connect! 0
2024-05-13T13:04:31.105Z [error] 'freeopcua' retry to connect! 0
2024-05-13T13:04:31.105Z [error] 'freeopcua' retry to connect! 0
2024-05-13T13:04:31.105Z [error] 'freeopcua' retry to connect! 0
2024-05-13T13:04:31.105Z [error] 'freeopcua' retry to connect! 0
2024-05-13T13:04:31.105Z [error] 'freeopcua' retry to connect! 0
2024-05-13T13:04:31.105Z [error] 'freeopcua' retry to connect! 0
2024-05-13T13:04:31.105Z [error] 'freeopcua' retry to connect! 0
2024-05-13T13:04:31.105Z [error] 'freeopcua' retry to connect! 0
2024-05-13T13:04:31.105Z [error] 'freeopcua' retry to connect! 0
2024-05-13T13:04:31.105Z [error] 'freeopcua' retry to connect! 0
2024-05-13T13:04:31.105Z [error] 'freeopcua' retry to connect! 0
2024-05-13T13:04:31.105Z [error] 'freeopcua' retry to connect! 0
2024-05-13T13:04:31.105Z [error] 'freeopcua' retry to connect! 0
2024-05-13T13:04:31.105Z [error] 'freeopcua' retry to connect! 0
2024-05-13T13:04:31.105Z [error] 'freeopcua' retry to connect! 0
2024-05-13T13:04:31.105Z [error] 'freeopcua' retry to connect! 0
2024-05-13T13:04:31.105Z [error] 'freeopcua' retry to connect! 0
2024-05-13T13:04:31.105Z [error] 'freeopcua' retry to connect! 0
2024-05-13T13:04:31.105Z [error] 'freeopcua' retry to connect! 0
2024-05-13T13:04:31.105Z [error] 'freeopcua' retry to connect! 0
2024-05-13T13:04:31.105Z [error] 'freeopcua' retry to connect! 0
2024-05-13T13:04:31.105Z [error] 'freeopcua' retry to connect! 0
2024-05-13T13:04:31.105Z [error] 'freeopcua' retry to connect! 0
2024-05-13T13:04:31.105Z [error] 'freeopcua' retry to connect! 0
2024-05-13T13:04:31.105Z [error] 'freeopcua' retry to connect! 0
2024-05-13T13:04:31.105Z [error] 'freeopcua' retry to connect! 0
2024-05-13T13:04:31.105Z [error] 'freeopcua' retry to connect! 0
2024-05-13T13:04:31.105Z [error] 'freeopcua' retry to connect! 0
2024-05-13T13:04:31.105Z [error] 'freeopcua' retry to connect! 0
2024-05-13T13:04:31.106Z [error] 'freeopcua' retry to connect! 0
2024-05-13T13:04:31.106Z [error] 'freeopcua' retry to connect! 0
2024-05-13T13:04:31.106Z [error] 'freeopcua' retry to connect! 0
2024-05-13T13:04:31.106Z [error] 'freeopcua' retry to connect! 0
2024-05-13T13:04:31.106Z [error] 'freeopcua' retry to connect! 0
2024-05-13T13:04:31.106Z [error] 'freeopcua' retry to connect! 0
2024-05-13T13:04:31.106Z [error] 'freeopcua' retry to connect! 0
2024-05-13T13:04:31.106Z [error] 'freeopcua' retry to connect! 0
2024-05-13T13:04:31.106Z [error] 'freeopcua' retry to connect! 0
2024-05-13T13:04:31.106Z [error] 'freeopcua' retry to connect! 0
2024-05-13T13:04:31.106Z [error] 'freeopcua' retry to connect! 0
2024-05-13T13:04:31.106Z [error] 'freeopcua' retry to connect! 0
2024-05-13T13:04:31.106Z [error] 'freeopcua' retry to connect! 0
2024-05-13T13:04:31.106Z [error] 'freeopcua' retry to connect! 0
2024-05-13T13:04:31.106Z [error] 'freeopcua' retry to connect! 0
2024-05-13T13:04:31.107Z [error] 'freeopcua' retry to connect! 0
2024-05-13T13:04:31.107Z [error] 'freeopcua' retry to connect! 0
2024-05-13T13:04:31.107Z [error] 'freeopcua' retry to connect! 0
2024-05-13T13:04:31.107Z [error] 'freeopcua' retry to connect! 0
2024-05-13T13:04:31.107Z [error] 'freeopcua' retry to connect! 0
2024-05-13T13:04:31.107Z [error] 'freeopcua' retry to connect! 0
2024-05-13T13:04:31.107Z [error] 'freeopcua' retry to connect! 0
2024-05-13T13:04:31.107Z [error] 'freeopcua' retry to connect! 0
2024-05-13T13:04:31.107Z [error] 'freeopcua' retry to connect! 0
2024-05-13T13:04:31.107Z [error] 'freeopcua' retry to connect! 0
2024-05-13T13:04:31.107Z [error] 'freeopcua' retry to connect! 0
2024-05-13T13:04:31.107Z [error] 'freeopcua' retry to connect! 0
2024-05-13T13:04:31.107Z [error] 'freeopcua' retry to connect! 0
2024-05-13T13:04:31.107Z [error] 'freeopcua' retry to connect! 0
2024-05-13T13:04:31.107Z [error] 'freeopcua' retry to connect! 0
2024-05-13T13:04:31.107Z [error] 'freeopcua' retry to connect! 0
2024-05-13T13:04:31.107Z [error] 'freeopcua' retry to connect! 0
2024-05-13T13:04:31.107Z [error] 'freeopcua' retry to connect! 0
2024-05-13T13:04:31.107Z [error] 'freeopcua' retry to connect! 0
2024-05-13T13:04:31.107Z [error] 'freeopcua' retry to connect! 0
2024-05-13T13:04:31.107Z [error] 'freeopcua' retry to connect! 0
2024-05-13T13:04:31.107Z [error] 'freeopcua' retry to connect! 0
2024-05-13T13:04:31.107Z [error] 'freeopcua' retry to connect! 0
2024-05-13T13:04:31.107Z [error] 'freeopcua' retry to connect! 0
2024-05-13T13:04:31.107Z [error] 'freeopcua' retry to connect! 0
2024-05-13T13:04:31.107Z [error] 'freeopcua' retry to connect! 0
2024-05-13T13:04:31.107Z [error] 'freeopcua' retry to connect! 0
2024-05-13T13:04:31.107Z [error] 'freeopcua' retry to connect! 0
2024-05-13T13:04:31.107Z [error] 'freeopcua' retry to connect! 0
2024-05-13T13:04:31.107Z [error] 'freeopcua' retry to connect! 0
2024-05-13T13:04:31.107Z [error] 'freeopcua' retry to connect! 0
2024-05-13T13:04:31.107Z [error] 'freeopcua' retry to connect! 0
2024-05-13T13:04:31.108Z [error] 'freeopcua' retry to connect! 0
2024-05-13T13:04:31.108Z [error] 'freeopcua' retry to connect! 0
2024-05-13T13:04:31.108Z [error] 'freeopcua' retry to connect! 0
2024-05-13T13:04:31.108Z [error] 'freeopcua' retry to connect! 0
2024-05-13T13:04:31.108Z [error] 'freeopcua' retry to connect! 0
2024-05-13T13:04:31.108Z [error] 'freeopcua' retry to connect! 0
2024-05-13T13:04:31.108Z [error] 'freeopcua' retry to connect! 0
2024-05-13T13:04:31.108Z [error] 'freeopcua' retry to connect! 0
2024-05-13T13:04:31.108Z [error] 'freeopcua' retry to connect! 0
2024-05-13T13:04:31.108Z [error] 'freeopcua' retry to connect! 0
2024-05-13T13:04:31.108Z [error] 'freeopcua' retry to connect! 0
2024-05-13T13:04:31.108Z [error] 'freeopcua' retry to connect! 0
2024-05-13T13:04:31.108Z [error] 'freeopcua' retry to connect! 0
2024-05-13T13:04:31.108Z [error] 'freeopcua' retry to connect! 0
2024-05-13T13:04:31.108Z [error] 'freeopcua' retry to connect! 0
2024-05-13T13:04:31.108Z [error] 'freeopcua' retry to connect! 0
2024-05-13T13:04:31.116Z [error] 'freeopcua' connect failure! Error: The connection cannot be established with server opc.tcp://ua_server:4840/freeopcua/server/ .
Please check that the server is up and running or your network configuration.
Err = (connect ECONNREFUSED 172.19.0.2:4840)
2024-05-13T13:04:31.116Z [error] 'freeopcua' try to connect error! Error: The connection cannot be established with server opc.tcp://ua_server:4840/freeopcua/server/ .
Please check that the server is up and running or your network configuration.
Err = (connect ECONNREFUSED 172.19.0.2:4840)
2024-05-13T13:04:35.526Z [info] socket.io client connected
2024-05-13T13:04:36.106Z [error] 'freeopcua' retry to connect! 0
2024-05-13T13:04:36.107Z [error] 'freeopcua' retry to connect! 0
2024-05-13T13:04:36.107Z [error] 'freeopcua' retry to connect! 0
2024-05-13T13:04:36.107Z [error] 'freeopcua' retry to connect! 0
2024-05-13T13:04:36.107Z [error] 'freeopcua' retry to connect! 0
2024-05-13T13:04:36.107Z [error] 'freeopcua' retry to connect! 0
2024-05-13T13:04:36.107Z [error] 'freeopcua' retry to connect! 0
2024-05-13T13:04:36.107Z [error] 'freeopcua' retry to connect! 0
2024-05-13T13:04:36.107Z [error] 'freeopcua' retry to connect! 0
2024-05-13T13:04:36.107Z [error] 'freeopcua' retry to connect! 0
2024-05-13T13:04:36.107Z [error] 'freeopcua' retry to connect! 0
2024-05-13T13:04:36.107Z [error] 'freeopcua' retry to connect! 0
2024-05-13T13:04:36.107Z [error] 'freeopcua' retry to connect! 0
2024-05-13T13:04:36.107Z [error] 'freeopcua' retry to connect! 0
2024-05-13T13:04:36.107Z [error] 'freeopcua' retry to connect! 0
2024-05-13T13:04:36.107Z [error] 'freeopcua' retry to connect! 0
2024-05-13T13:04:36.107Z [error] 'freeopcua' retry to connect! 0
2024-05-13T13:04:36.107Z [error] 'freeopcua' retry to connect! 0
2024-05-13T13:04:36.108Z [error] 'freeopcua' retry to connect! 0
2024-05-13T13:04:36.108Z [error] 'freeopcua' retry to connect! 0
2024-05-13T13:04:36.108Z [error] 'freeopcua' retry to connect! 0
2024-05-13T13:04:36.108Z [error] 'freeopcua' retry to connect! 0
2024-05-13T13:04:36.108Z [error] 'freeopcua' retry to connect! 0
2024-05-13T13:04:36.108Z [error] 'freeopcua' retry to connect! 0
2024-05-13T13:04:36.108Z [error] 'freeopcua' retry to connect! 0
2024-05-13T13:04:36.108Z [error] 'freeopcua' retry to connect! 0
2024-05-13T13:04:36.108Z [error] 'freeopcua' retry to connect! 0
2024-05-13T13:04:36.108Z [error] 'freeopcua' retry to connect! 0
2024-05-13T13:04:36.108Z [error] 'freeopcua' retry to connect! 0
2024-05-13T13:04:36.108Z [error] 'freeopcua' retry to connect! 0
2024-05-13T13:04:36.108Z [error] 'freeopcua' retry to connect! 0
2024-05-13T13:04:36.108Z [error] 'freeopcua' retry to connect! 0
2024-05-13T13:04:36.108Z [error] 'freeopcua' retry to connect! 0
2024-05-13T13:04:36.108Z [error] 'freeopcua' retry to connect! 0
2024-05-13T13:04:36.108Z [error] 'freeopcua' retry to connect! 0
2024-05-13T13:04:36.108Z [error] 'freeopcua' retry to connect! 0
2024-05-13T13:04:36.108Z [error] 'freeopcua' retry to connect! 0
2024-05-13T13:04:36.109Z [error] 'freeopcua' retry to connect! 0
2024-05-13T13:04:36.109Z [error] 'freeopcua' retry to connect! 0
2024-05-13T13:04:36.109Z [error] 'freeopcua' retry to connect! 0
2024-05-13T13:04:36.109Z [error] 'freeopcua' retry to connect! 0
2024-05-13T13:04:36.109Z [error] 'freeopcua' retry to connect! 0
2024-05-13T13:04:36.109Z [error] 'freeopcua' retry to connect! 0
2024-05-13T13:04:36.109Z [error] 'freeopcua' retry to connect! 0
2024-05-13T13:04:36.109Z [error] 'freeopcua' retry to connect! 0
2024-05-13T13:04:36.109Z [error] 'freeopcua' retry to connect! 0
2024-05-13T13:04:36.109Z [error] 'freeopcua' retry to connect! 0
2024-05-13T13:04:36.109Z [error] 'freeopcua' retry to connect! 0
2024-05-13T13:04:36.109Z [error] 'freeopcua' retry to connect! 0
2024-05-13T13:04:36.109Z [error] 'freeopcua' retry to connect! 0
2024-05-13T13:04:36.109Z [error] 'freeopcua' retry to connect! 0
2024-05-13T13:04:36.109Z [error] 'freeopcua' retry to connect! 0
2024-05-13T13:04:36.109Z [error] 'freeopcua' retry to connect! 0
2024-05-13T13:04:36.110Z [error] 'freeopcua' retry to connect! 0
2024-05-13T13:04:36.110Z [error] 'freeopcua' retry to connect! 0
2024-05-13T13:04:36.110Z [error] 'freeopcua' retry to connect! 0
2024-05-13T13:04:36.110Z [error] 'freeopcua' retry to connect! 0
2024-05-13T13:04:36.110Z [error] 'freeopcua' retry to connect! 0
2024-05-13T13:04:36.110Z [error] 'freeopcua' retry to connect! 0
2024-05-13T13:04:36.110Z [error] 'freeopcua' retry to connect! 0
2024-05-13T13:04:36.110Z [error] 'freeopcua' retry to connect! 0
2024-05-13T13:04:36.110Z [error] 'freeopcua' retry to connect! 0
2024-05-13T13:04:36.110Z [error] 'freeopcua' retry to connect! 0
2024-05-13T13:04:36.111Z [error] 'freeopcua' retry to connect! 0
2024-05-13T13:04:36.111Z [error] 'freeopcua' retry to connect! 0
2024-05-13T13:04:36.111Z [error] 'freeopcua' retry to connect! 0
2024-05-13T13:04:36.111Z [error] 'freeopcua' retry to connect! 0
2024-05-13T13:04:36.111Z [error] 'freeopcua' retry to connect! 0
2024-05-13T13:04:36.111Z [error] 'freeopcua' retry to connect! 0
2024-05-13T13:04:36.111Z [error] 'freeopcua' retry to connect! 0
2024-05-13T13:04:36.111Z [error] 'freeopcua' retry to connect! 0
2024-05-13T13:04:36.111Z [error] 'freeopcua' retry to connect! 0
2024-05-13T13:04:36.111Z [error] 'freeopcua' retry to connect! 0
2024-05-13T13:04:36.111Z [error] 'freeopcua' retry to connect! 0
2024-05-13T13:04:36.111Z [error] 'freeopcua' retry to connect! 0
2024-05-13T13:04:36.111Z [error] 'freeopcua' retry to connect! 0
2024-05-13T13:04:36.111Z [error] 'freeopcua' retry to connect! 0
2024-05-13T13:04:36.113Z [error] 'freeopcua' retry to connect! 0
2024-05-13T13:04:36.113Z [error] 'freeopcua' retry to connect! 0
2024-05-13T13:04:36.113Z [error] 'freeopcua' retry to connect! 0
2024-05-13T13:04:36.113Z [error] 'freeopcua' retry to connect! 0
2024-05-13T13:04:36.113Z [error] 'freeopcua' retry to connect! 0
2024-05-13T13:04:36.113Z [error] 'freeopcua' retry to connect! 0
2024-05-13T13:04:36.113Z [error] 'freeopcua' retry to connect! 0
2024-05-13T13:04:36.113Z [error] 'freeopcua' retry to connect! 0
2024-05-13T13:04:36.113Z [error] 'freeopcua' retry to connect! 0
2024-05-13T13:04:36.113Z [error] 'freeopcua' retry to connect! 0
2024-05-13T13:04:36.113Z [error] 'freeopcua' retry to connect! 0
2024-05-13T13:04:36.113Z [error] 'freeopcua' retry to connect! 0
2024-05-13T13:04:36.113Z [error] 'freeopcua' retry to connect! 0
2024-05-13T13:04:36.113Z [error] 'freeopcua' retry to connect! 0
2024-05-13T13:04:36.113Z [error] 'freeopcua' retry to connect! 0
2024-05-13T13:04:36.113Z [error] 'freeopcua' retry to connect! 0
2024-05-13T13:04:36.113Z [error] 'freeopcua' retry to connect! 0
2024-05-13T13:04:36.113Z [error] 'freeopcua' retry to connect! 0
2024-05-13T13:04:36.113Z [error] 'freeopcua' retry to connect! 0
2024-05-13T13:04:36.114Z [error] 'freeopcua' retry to connect! 0
2024-05-13T13:04:36.114Z [error] 'freeopcua' retry to connect! 0
2024-05-13T13:04:36.114Z [error] 'freeopcua' retry to connect! 0
2024-05-13T13:04:36.114Z [error] 'freeopcua' retry to connect! 0
2024-05-13T13:04:36.114Z [error] 'freeopcua' retry to connect! 0
2024-05-13T13:04:36.114Z [error] 'freeopcua' retry to connect! 0
2024-05-13T13:04:36.114Z [error] 'freeopcua' retry to connect! 0
2024-05-13T13:04:36.114Z [error] 'freeopcua' retry to connect! 0
2024-05-13T13:04:36.114Z [error] 'freeopcua' retry to connect! 0
2024-05-13T13:04:36.114Z [error] 'freeopcua' retry to connect! 0
2024-05-13T13:04:36.114Z [error] 'freeopcua' retry to connect! 0
2024-05-13T13:04:36.114Z [error] 'freeopcua' retry to connect! 0
2024-05-13T13:04:36.114Z [error] 'freeopcua' retry to connect! 0
2024-05-13T13:04:36.114Z [error] 'freeopcua' retry to connect! 0
2024-05-13T13:04:36.114Z [error] 'freeopcua' retry to connect! 0
2024-05-13T13:04:36.114Z [error] 'freeopcua' retry to connect! 0
2024-05-13T13:04:36.114Z [error] 'freeopcua' retry to connect! 0
2024-05-13T13:04:36.115Z [error] 'freeopcua' retry to connect! 0
2024-05-13T13:04:36.115Z [error] 'freeopcua' retry to connect! 0
2024-05-13T13:04:36.115Z [error] 'freeopcua' retry to connect! 0
2024-05-13T13:04:36.115Z [error] 'freeopcua' retry to connect! 0
2024-05-13T13:04:36.118Z [error] 'freeopcua' connect failure! Error: The connection cannot be established with server opc.tcp://ua_server:4840/freeopcua/server/ .
Please check that the server is up and running or your network configuration.
Err = (connect ECONNREFUSED 172.19.0.2:4840)
2024-05-13T13:04:36.118Z [error] 'freeopcua' try to connect error! Error: The connection cannot be established with server opc.tcp://ua_server:4840/freeopcua/server/ .
Please check that the server is up and running or your network configuration.
Err = (connect ECONNREFUSED 172.19.0.2:4840)
2024-05-13T13:04:36.533Z [info] socket.io client connected
2024-05-13T13:04:41.104Z [error] 'freeopcua' retry to connect! 0
2024-05-13T13:04:41.104Z [error] 'freeopcua' retry to connect! 0
2024-05-13T13:04:41.104Z [error] 'freeopcua' retry to connect! 0
2024-05-13T13:04:41.105Z [error] 'freeopcua' retry to connect! 0
2024-05-13T13:04:41.105Z [error] 'freeopcua' retry to connect! 0
2024-05-13T13:04:41.105Z [error] 'freeopcua' retry to connect! 0
2024-05-13T13:04:41.105Z [error] 'freeopcua' retry to connect! 0
2024-05-13T13:04:41.105Z [error] 'freeopcua' retry to connect! 0
2024-05-13T13:04:41.105Z [error] 'freeopcua' retry to connect! 0
2024-05-13T13:04:41.105Z [error] 'freeopcua' retry to connect! 0
2024-05-13T13:04:41.105Z [error] 'freeopcua' retry to connect! 0
2024-05-13T13:04:41.105Z [error] 'freeopcua' retry to connect! 0
2024-05-13T13:04:41.105Z [error] 'freeopcua' retry to connect! 0
2024-05-13T13:04:41.105Z [error] 'freeopcua' retry to connect! 0
2024-05-13T13:04:41.105Z [error] 'freeopcua' retry to connect! 0
2024-05-13T13:04:41.105Z [error] 'freeopcua' retry to connect! 0
2024-05-13T13:04:41.105Z [error] 'freeopcua' retry to connect! 0
2024-05-13T13:04:41.105Z [error] 'freeopcua' retry to connect! 0
2024-05-13T13:04:41.105Z [error] 'freeopcua' retry to connect! 0
2024-05-13T13:04:41.105Z [error] 'freeopcua' retry to connect! 0
2024-05-13T13:04:41.105Z [error] 'freeopcua' retry to connect! 0
2024-05-13T13:04:41.105Z [error] 'freeopcua' retry to connect! 0
2024-05-13T13:04:41.105Z [error] 'freeopcua' retry to connect! 0
2024-05-13T13:04:41.105Z [error] 'freeopcua' retry to connect! 0
2024-05-13T13:04:41.105Z [error] 'freeopcua' retry to connect! 0
2024-05-13T13:04:41.105Z [error] 'freeopcua' retry to connect! 0
2024-05-13T13:04:41.105Z [error] 'freeopcua' retry to connect! 0
2024-05-13T13:04:41.105Z [error] 'freeopcua' retry to connect! 0
2024-05-13T13:04:41.105Z [error] 'freeopcua' retry to connect! 0
2024-05-13T13:04:41.105Z [error] 'freeopcua' retry to connect! 0
2024-05-13T13:04:41.105Z [error] 'freeopcua' retry to connect! 0
2024-05-13T13:04:41.105Z [error] 'freeopcua' retry to connect! 0
2024-05-13T13:04:41.105Z [error] 'freeopcua' retry to connect! 0
2024-05-13T13:04:41.105Z [error] 'freeopcua' retry to connect! 0
2024-05-13T13:04:41.105Z [error] 'freeopcua' retry to connect! 0
2024-05-13T13:04:41.105Z [error] 'freeopcua' retry to connect! 0
2024-05-13T13:04:41.105Z [error] 'freeopcua' retry to connect! 0
2024-05-13T13:04:41.105Z [error] 'freeopcua' retry to connect! 0
2024-05-13T13:04:41.105Z [error] 'freeopcua' retry to connect! 0
2024-05-13T13:04:41.106Z [error] 'freeopcua' retry to connect! 0
2024-05-13T13:04:41.106Z [error] 'freeopcua' retry to connect! 0
2024-05-13T13:04:41.106Z [error] 'freeopcua' retry to connect! 0
2024-05-13T13:04:41.106Z [error] 'freeopcua' retry to connect! 0
2024-05-13T13:04:41.106Z [error] 'freeopcua' retry to connect! 0
2024-05-13T13:04:41.106Z [error] 'freeopcua' retry to connect! 0
2024-05-13T13:04:41.106Z [error] 'freeopcua' retry to connect! 0
2024-05-13T13:04:41.106Z [error] 'freeopcua' retry to connect! 0
2024-05-13T13:04:41.106Z [error] 'freeopcua' retry to connect! 0
2024-05-13T13:04:41.106Z [error] 'freeopcua' retry to connect! 0
2024-05-13T13:04:41.106Z [error] 'freeopcua' retry to connect! 0
2024-05-13T13:04:41.106Z [error] 'freeopcua' retry to connect! 0
2024-05-13T13:04:41.106Z [error] 'freeopcua' retry to connect! 0
2024-05-13T13:04:41.106Z [error] 'freeopcua' retry to connect! 0
2024-05-13T13:04:41.106Z [error] 'freeopcua' retry to connect! 0
2024-05-13T13:04:41.106Z [error] 'freeopcua' retry to connect! 0
2024-05-13T13:04:41.106Z [error] 'freeopcua' retry to connect! 0
2024-05-13T13:04:41.106Z [error] 'freeopcua' retry to connect! 0
2024-05-13T13:04:41.106Z [error] 'freeopcua' retry to connect! 0
2024-05-13T13:04:41.106Z [error] 'freeopcua' retry to connect! 0
2024-05-13T13:04:41.106Z [error] 'freeopcua' retry to connect! 0
2024-05-13T13:04:41.106Z [error] 'freeopcua' retry to connect! 0
2024-05-13T13:04:41.106Z [error] 'freeopcua' retry to connect! 0
2024-05-13T13:04:41.106Z [error] 'freeopcua' retry to connect! 0
2024-05-13T13:04:41.106Z [error] 'freeopcua' retry to connect! 0
2024-05-13T13:04:41.107Z [error] 'freeopcua' retry to connect! 0
2024-05-13T13:04:41.107Z [error] 'freeopcua' retry to connect! 0
2024-05-13T13:04:41.107Z [error] 'freeopcua' retry to connect! 0
2024-05-13T13:04:41.107Z [error] 'freeopcua' retry to connect! 0
2024-05-13T13:04:41.107Z [error] 'freeopcua' retry to connect! 0
2024-05-13T13:04:41.107Z [error] 'freeopcua' retry to connect! 0
2024-05-13T13:04:41.107Z [error] 'freeopcua' retry to connect! 0
2024-05-13T13:04:41.107Z [error] 'freeopcua' retry to connect! 0
2024-05-13T13:04:41.107Z [error] 'freeopcua' retry to connect! 0
2024-05-13T13:04:41.107Z [error] 'freeopcua' retry to connect! 0
2024-05-13T13:04:41.107Z [error] 'freeopcua' retry to connect! 0
2024-05-13T13:04:41.107Z [error] 'freeopcua' retry to connect! 0
2024-05-13T13:04:41.107Z [error] 'freeopcua' retry to connect! 0
2024-05-13T13:04:41.107Z [error] 'freeopcua' retry to connect! 0
2024-05-13T13:04:41.107Z [error] 'freeopcua' retry to connect! 0
2024-05-13T13:04:41.107Z [error] 'freeopcua' retry to connect! 0
2024-05-13T13:04:41.107Z [error] 'freeopcua' retry to connect! 0
2024-05-13T13:04:41.107Z [error] 'freeopcua' retry to connect! 0
2024-05-13T13:04:41.107Z [error] 'freeopcua' retry to connect! 0
2024-05-13T13:04:41.107Z [error] 'freeopcua' retry to connect! 0
2024-05-13T13:04:41.107Z [error] 'freeopcua' retry to connect! 0
2024-05-13T13:04:41.107Z [error] 'freeopcua' retry to connect! 0
2024-05-13T13:04:41.107Z [error] 'freeopcua' retry to connect! 0
2024-05-13T13:04:41.107Z [error] 'freeopcua' retry to connect! 0
2024-05-13T13:04:41.107Z [error] 'freeopcua' retry to connect! 0
2024-05-13T13:04:41.108Z [error] 'freeopcua' retry to connect! 0
2024-05-13T13:04:41.108Z [error] 'freeopcua' retry to connect! 0
2024-05-13T13:04:41.108Z [error] 'freeopcua' retry to connect! 0
2024-05-13T13:04:41.108Z [error] 'freeopcua' retry to connect! 0
2024-05-13T13:04:41.108Z [error] 'freeopcua' retry to connect! 0
2024-05-13T13:04:41.108Z [error] 'freeopcua' retry to connect! 0
2024-05-13T13:04:41.109Z [error] 'freeopcua' retry to connect! 0
2024-05-13T13:04:41.109Z [error] 'freeopcua' retry to connect! 0
2024-05-13T13:04:41.109Z [error] 'freeopcua' retry to connect! 0
2024-05-13T13:04:41.109Z [error] 'freeopcua' retry to connect! 0
2024-05-13T13:04:41.109Z [error] 'freeopcua' retry to connect! 0
2024-05-13T13:04:41.109Z [error] 'freeopcua' retry to connect! 0
2024-05-13T13:04:41.109Z [error] 'freeopcua' retry to connect! 0
2024-05-13T13:04:41.109Z [error] 'freeopcua' retry to connect! 0
2024-05-13T13:04:41.109Z [error] 'freeopcua' retry to connect! 0
2024-05-13T13:04:41.109Z [error] 'freeopcua' retry to connect! 0
2024-05-13T13:04:41.109Z [error] 'freeopcua' retry to connect! 0
2024-05-13T13:04:41.109Z [error] 'freeopcua' retry to connect! 0
2024-05-13T13:04:41.109Z [error] 'freeopcua' retry to connect! 0
2024-05-13T13:04:41.109Z [error] 'freeopcua' retry to connect! 0
2024-05-13T13:04:41.109Z [error] 'freeopcua' retry to connect! 0
2024-05-13T13:04:41.109Z [error] 'freeopcua' retry to connect! 0
2024-05-13T13:04:41.109Z [error] 'freeopcua' retry to connect! 0
2024-05-13T13:04:41.109Z [error] 'freeopcua' retry to connect! 0
2024-05-13T13:04:41.109Z [error] 'freeopcua' retry to connect! 0
2024-05-13T13:04:41.109Z [error] 'freeopcua' retry to connect! 0
2024-05-13T13:04:41.109Z [error] 'freeopcua' retry to connect! 0
2024-05-13T13:04:41.109Z [error] 'freeopcua' retry to connect! 0
2024-05-13T13:04:41.109Z [error] 'freeopcua' retry to connect! 0
2024-05-13T13:04:41.117Z [error] 'freeopcua' connect failure! Error: The connection cannot be established with server opc.tcp://ua_server:4840/freeopcua/server/ .
Please check that the server is up and running or your network configuration.
Err = (connect ECONNREFUSED 172.19.0.2:4840)
2024-05-13T13:04:41.118Z [error] 'freeopcua' try to connect error! Error: The connection cannot be established with server opc.tcp://ua_server:4840/freeopcua/server/ .
Please check that the server is up and running or your network configuration.
Err = (connect ECONNREFUSED 172.19.0.2:4840)
2024-05-13T13:04:46.108Z [error] 'freeopcua' retry to connect! 0
2024-05-13T13:04:46.109Z [error] 'freeopcua' retry to connect! 0
2024-05-13T13:04:46.109Z [error] 'freeopcua' retry to connect! 0
2024-05-13T13:04:46.109Z [error] 'freeopcua' retry to connect! 0
2024-05-13T13:04:46.109Z [error] 'freeopcua' retry to connect! 0
2024-05-13T13:04:46.109Z [error] 'freeopcua' retry to connect! 0
2024-05-13T13:04:46.109Z [error] 'freeopcua' retry to connect! 0
2024-05-13T13:04:46.109Z [error] 'freeopcua' retry to connect! 0
2024-05-13T13:04:46.109Z [error] 'freeopcua' retry to connect! 0
2024-05-13T13:04:46.109Z [error] 'freeopcua' retry to connect! 0
2024-05-13T13:04:46.109Z [error] 'freeopcua' retry to connect! 0
2024-05-13T13:04:46.109Z [error] 'freeopcua' retry to connect! 0
2024-05-13T13:04:46.109Z [error] 'freeopcua' retry to connect! 0
2024-05-13T13:04:46.109Z [error] 'freeopcua' retry to connect! 0
2024-05-13T13:04:46.109Z [error] 'freeopcua' retry to connect! 0
2024-05-13T13:04:46.109Z [error] 'freeopcua' retry to connect! 0
2024-05-13T13:04:46.109Z [error] 'freeopcua' retry to connect! 0
2024-05-13T13:04:46.109Z [error] 'freeopcua' retry to connect! 0
2024-05-13T13:04:46.109Z [error] 'freeopcua' retry to connect! 0
2024-05-13T13:04:46.109Z [error] 'freeopcua' retry to connect! 0
2024-05-13T13:04:46.109Z [error] 'freeopcua' retry to connect! 0
2024-05-13T13:04:46.109Z [error] 'freeopcua' retry to connect! 0
2024-05-13T13:04:46.109Z [error] 'freeopcua' retry to connect! 0
2024-05-13T13:04:46.109Z [error] 'freeopcua' retry to connect! 0
2024-05-13T13:04:46.109Z [error] 'freeopcua' retry to connect! 0
2024-05-13T13:04:46.109Z [error] 'freeopcua' retry to connect! 0
2024-05-13T13:04:46.109Z [error] 'freeopcua' retry to connect! 0
2024-05-13T13:04:46.109Z [error] 'freeopcua' retry to connect! 0
2024-05-13T13:04:46.109Z [error] 'freeopcua' retry to connect! 0
2024-05-13T13:04:46.109Z [error] 'freeopcua' retry to connect! 0
2024-05-13T13:04:46.109Z [error] 'freeopcua' retry to connect! 0
2024-05-13T13:04:46.109Z [error] 'freeopcua' retry to connect! 0
2024-05-13T13:04:46.109Z [error] 'freeopcua' retry to connect! 0
2024-05-13T13:04:46.109Z [error] 'freeopcua' retry to connect! 0
2024-05-13T13:04:46.109Z [error] 'freeopcua' retry to connect! 0
2024-05-13T13:04:46.109Z [error] 'freeopcua' retry to connect! 0
2024-05-13T13:04:46.109Z [error] 'freeopcua' retry to connect! 0
2024-05-13T13:04:46.110Z [error] 'freeopcua' retry to connect! 0
2024-05-13T13:04:46.110Z [error] 'freeopcua' retry to connect! 0
2024-05-13T13:04:46.110Z [error] 'freeopcua' retry to connect! 0
2024-05-13T13:04:46.110Z [error] 'freeopcua' retry to connect! 0
2024-05-13T13:04:46.110Z [error] 'freeopcua' retry to connect! 0
2024-05-13T13:04:46.111Z [error] 'freeopcua' retry to connect! 0
2024-05-13T13:04:46.111Z [error] 'freeopcua' retry to connect! 0
2024-05-13T13:04:46.111Z [error] 'freeopcua' retry to connect! 0
2024-05-13T13:04:46.111Z [error] 'freeopcua' retry to connect! 0
2024-05-13T13:04:46.111Z [error] 'freeopcua' retry to connect! 0
2024-05-13T13:04:46.111Z [error] 'freeopcua' retry to connect! 0
2024-05-13T13:04:46.111Z [error] 'freeopcua' retry to connect! 0
2024-05-13T13:04:46.111Z [error] 'freeopcua' retry to connect! 0
2024-05-13T13:04:46.111Z [error] 'freeopcua' retry to connect! 0
2024-05-13T13:04:46.111Z [error] 'freeopcua' retry to connect! 0
2024-05-13T13:04:46.111Z [error] 'freeopcua' retry to connect! 0
2024-05-13T13:04:46.111Z [error] 'freeopcua' retry to connect! 0
2024-05-13T13:04:46.111Z [error] 'freeopcua' retry to connect! 0
2024-05-13T13:04:46.111Z [error] 'freeopcua' retry to connect! 0
2024-05-13T13:04:46.111Z [error] 'freeopcua' retry to connect! 0
2024-05-13T13:04:46.111Z [error] 'freeopcua' retry to connect! 0
2024-05-13T13:04:46.111Z [error] 'freeopcua' retry to connect! 0
2024-05-13T13:04:46.111Z [error] 'freeopcua' retry to connect! 0
2024-05-13T13:04:46.111Z [error] 'freeopcua' retry to connect! 0
2024-05-13T13:04:46.111Z [error] 'freeopcua' retry to connect! 0
2024-05-13T13:04:46.111Z [error] 'freeopcua' retry to connect! 0
2024-05-13T13:04:46.111Z [error] 'freeopcua' retry to connect! 0
2024-05-13T13:04:46.111Z [error] 'freeopcua' retry to connect! 0
2024-05-13T13:04:46.111Z [error] 'freeopcua' retry to connect! 0
2024-05-13T13:04:46.111Z [error] 'freeopcua' retry to connect! 0
2024-05-13T13:04:46.111Z [error] 'freeopcua' retry to connect! 0
2024-05-13T13:04:46.112Z [error] 'freeopcua' retry to connect! 0
2024-05-13T13:04:46.112Z [error] 'freeopcua' retry to connect! 0
2024-05-13T13:04:46.112Z [error] 'freeopcua' retry to connect! 0
2024-05-13T13:04:46.112Z [error] 'freeopcua' retry to connect! 0
2024-05-13T13:04:46.112Z [error] 'freeopcua' retry to connect! 0
2024-05-13T13:04:46.112Z [error] 'freeopcua' retry to connect! 0
2024-05-13T13:04:46.112Z [error] 'freeopcua' retry to connect! 0
2024-05-13T13:04:46.112Z [error] 'freeopcua' retry to connect! 0
2024-05-13T13:04:46.112Z [error] 'freeopcua' retry to connect! 0
2024-05-13T13:04:46.112Z [error] 'freeopcua' retry to connect! 0
2024-05-13T13:04:46.112Z [error] 'freeopcua' retry to connect! 0
2024-05-13T13:04:46.112Z [error] 'freeopcua' retry to connect! 0
2024-05-13T13:04:46.112Z [error] 'freeopcua' retry to connect! 0
2024-05-13T13:04:46.112Z [error] 'freeopcua' retry to connect! 0
2024-05-13T13:04:46.112Z [error] 'freeopcua' retry to connect! 0
2024-05-13T13:04:46.112Z [error] 'freeopcua' retry to connect! 0
2024-05-13T13:04:46.112Z [error] 'freeopcua' retry to connect! 0
2024-05-13T13:04:46.112Z [error] 'freeopcua' retry to connect! 0
2024-05-13T13:04:46.112Z [error] 'freeopcua' retry to connect! 0
2024-05-13T13:04:46.112Z [error] 'freeopcua' retry to connect! 0
2024-05-13T13:04:46.112Z [error] 'freeopcua' retry to connect! 0
2024-05-13T13:04:46.112Z [error] 'freeopcua' retry to connect! 0
2024-05-13T13:04:46.112Z [error] 'freeopcua' retry to connect! 0
2024-05-13T13:04:46.112Z [error] 'freeopcua' retry to connect! 0
2024-05-13T13:04:46.112Z [error] 'freeopcua' retry to connect! 0
2024-05-13T13:04:46.112Z [error] 'freeopcua' retry to connect! 0
2024-05-13T13:04:46.112Z [error] 'freeopcua' retry to connect! 0
2024-05-13T13:04:46.112Z [error] 'freeopcua' retry to connect! 0
2024-05-13T13:04:46.112Z [error] 'freeopcua' retry to connect! 0
2024-05-13T13:04:46.112Z [error] 'freeopcua' retry to connect! 0
2024-05-13T13:04:46.112Z [error] 'freeopcua' retry to connect! 0
2024-05-13T13:04:46.112Z [error] 'freeopcua' retry to connect! 0
2024-05-13T13:04:46.112Z [error] 'freeopcua' retry to connect! 0
2024-05-13T13:04:46.112Z [error] 'freeopcua' retry to connect! 0
2024-05-13T13:04:46.112Z [error] 'freeopcua' retry to connect! 0
2024-05-13T13:04:46.112Z [error] 'freeopcua' retry to connect! 0
2024-05-13T13:04:46.112Z [error] 'freeopcua' retry to connect! 0
2024-05-13T13:04:46.112Z [error] 'freeopcua' retry to connect! 0
2024-05-13T13:04:46.112Z [error] 'freeopcua' retry to connect! 0
2024-05-13T13:04:46.112Z [error] 'freeopcua' retry to connect! 0
2024-05-13T13:04:46.113Z [error] 'freeopcua' retry to connect! 0
2024-05-13T13:04:46.113Z [error] 'freeopcua' retry to connect! 0
2024-05-13T13:04:46.113Z [error] 'freeopcua' retry to connect! 0
2024-05-13T13:04:46.113Z [error] 'freeopcua' retry to connect! 0
2024-05-13T13:04:46.113Z [error] 'freeopcua' retry to connect! 0
2024-05-13T13:04:46.113Z [error] 'freeopcua' retry to connect! 0
2024-05-13T13:04:46.114Z [error] 'freeopcua' retry to connect! 0
2024-05-13T13:04:46.114Z [error] 'freeopcua' retry to connect! 0
2024-05-13T13:04:46.114Z [error] 'freeopcua' retry to connect! 0
2024-05-13T13:04:46.114Z [error] 'freeopcua' retry to connect! 0
2024-05-13T13:04:46.114Z [error] 'freeopcua' retry to connect! 0
2024-05-13T13:04:46.120Z [error] 'freeopcua' connect failure! Error: The connection cannot be established with server opc.tcp://ua_server:4840/freeopcua/server/ .
Please check that the server is up and running or your network configuration.
Err = (connect ECONNREFUSED 172.19.0.2:4840)
2024-05-13T13:04:46.121Z [error] 'freeopcua' try to connect error! Error: The connection cannot be established with server opc.tcp://ua_server:4840/freeopcua/server/ .
Please check that the server is up and running or your network configuration.
Err = (connect ECONNREFUSED 172.19.0.2:4840)
